[debug] [2025-07-24T10:07:51.923Z] ----------------------------------------------------------------------
[debug] [2025-07-24T10:07:51.924Z] Command:       /usr/local/bin/firebase /Users/alejandroestrella/.cache/firebase/tools/lib/node_modules/firebase-tools/lib/bin/firebase deploy
[debug] [2025-07-24T10:07:51.925Z] CLI Version:   13.11.2
[debug] [2025-07-24T10:07:51.925Z] Platform:      darwin
[debug] [2025-07-24T10:07:51.926Z] Node Version:  v18.5.0
[debug] [2025-07-24T10:07:51.929Z] Time:          Thu Jul 24 2025 03:07:51 GMT-0700 (Pacific Daylight Time)
[debug] [2025-07-24T10:07:51.929Z] ----------------------------------------------------------------------
[debug] 
[debug] [2025-07-24T10:07:52.064Z] > command requires scopes: ["email","openid","https://www.googleapis.com/auth/cloudplatformprojects.readonly","https://www.googleapis.com/auth/firebase","https://www.googleapis.com/auth/cloud-platform"]
[debug] [2025-07-24T10:07:52.066Z] > authorizing via signed-in user (aqealejandro@gmail.com)
[debug] [2025-07-24T10:07:52.067Z] [iam] checking project mafia-bot-5047d for permissions ["cloudfunctions.functions.create","cloudfunctions.functions.delete","cloudfunctions.functions.get","cloudfunctions.functions.list","cloudfunctions.functions.update","cloudfunctions.operations.get","firebase.projects.get","firebasehosting.sites.update"]
[debug] [2025-07-24T10:07:52.070Z] > refreshing access token with scopes: []
[debug] [2025-07-24T10:07:52.072Z] >>> [apiv2][query] POST https://www.googleapis.com/oauth2/v3/token [none]
[debug] [2025-07-24T10:07:52.073Z] >>> [apiv2][body] POST https://www.googleapis.com/oauth2/v3/token [omitted]
[debug] [2025-07-24T10:07:52.344Z] <<< [apiv2][status] POST https://www.googleapis.com/oauth2/v3/token 200
[debug] [2025-07-24T10:07:52.347Z] <<< [apiv2][body] POST https://www.googleapis.com/oauth2/v3/token [omitted]
[debug] [2025-07-24T10:07:52.368Z] >>> [apiv2][query] POST https://cloudresourcemanager.googleapis.com/v1/projects/mafia-bot-5047d:testIamPermissions [none]
[debug] [2025-07-24T10:07:52.369Z] >>> [apiv2][(partial)header] POST https://cloudresourcemanager.googleapis.com/v1/projects/mafia-bot-5047d:testIamPermissions x-goog-quota-user=projects/mafia-bot-5047d
[debug] [2025-07-24T10:07:52.369Z] >>> [apiv2][body] POST https://cloudresourcemanager.googleapis.com/v1/projects/mafia-bot-5047d:testIamPermissions {"permissions":["cloudfunctions.functions.create","cloudfunctions.functions.delete","cloudfunctions.functions.get","cloudfunctions.functions.list","cloudfunctions.functions.update","cloudfunctions.operations.get","firebase.projects.get","firebasehosting.sites.update"]}
[debug] [2025-07-24T10:07:52.558Z] <<< [apiv2][status] POST https://cloudresourcemanager.googleapis.com/v1/projects/mafia-bot-5047d:testIamPermissions 200
[debug] [2025-07-24T10:07:52.559Z] <<< [apiv2][body] POST https://cloudresourcemanager.googleapis.com/v1/projects/mafia-bot-5047d:testIamPermissions {"permissions":["cloudfunctions.functions.create","cloudfunctions.functions.delete","cloudfunctions.functions.get","cloudfunctions.functions.list","cloudfunctions.functions.update","cloudfunctions.operations.get","firebase.projects.get","firebasehosting.sites.update"]}
[debug] [2025-07-24T10:07:52.560Z] >>> [apiv2][query] POST https://iam.googleapis.com/v1/projects/mafia-bot-5047d/serviceAccounts/mafia-bot-5047d@appspot.gserviceaccount.com:testIamPermissions [none]
[debug] [2025-07-24T10:07:52.561Z] >>> [apiv2][body] POST https://iam.googleapis.com/v1/projects/mafia-bot-5047d/serviceAccounts/mafia-bot-5047d@appspot.gserviceaccount.com:testIamPermissions {"permissions":["iam.serviceAccounts.actAs"]}
[debug] [2025-07-24T10:07:52.785Z] <<< [apiv2][status] POST https://iam.googleapis.com/v1/projects/mafia-bot-5047d/serviceAccounts/mafia-bot-5047d@appspot.gserviceaccount.com:testIamPermissions 200
[debug] [2025-07-24T10:07:52.786Z] <<< [apiv2][body] POST https://iam.googleapis.com/v1/projects/mafia-bot-5047d/serviceAccounts/mafia-bot-5047d@appspot.gserviceaccount.com:testIamPermissions {"permissions":["iam.serviceAccounts.actAs"]}
[debug] [2025-07-24T10:07:52.787Z] >>> [apiv2][query] GET https://firebase.googleapis.com/v1beta1/projects/mafia-bot-5047d [none]
[debug] [2025-07-24T10:07:53.059Z] <<< [apiv2][status] GET https://firebase.googleapis.com/v1beta1/projects/mafia-bot-5047d 200
[debug] [2025-07-24T10:07:53.062Z] <<< [apiv2][body] GET https://firebase.googleapis.com/v1beta1/projects/mafia-bot-5047d {"projectId":"mafia-bot-5047d","projectNumber":"832914520297","displayName":"Mafia Bot","name":"projects/mafia-bot-5047d","resources":{"hostingSite":"mafia-bot-5047d"},"state":"ACTIVE","etag":"1_9a166d7d-2f0c-4644-9057-1bbbfefb4ffa"}
[info] 
[info] === Deploying to 'mafia-bot-5047d'...
[info] 
[info] i  deploying functions, hosting 
[debug] [2025-07-24T10:07:53.069Z] >>> [apiv2][query] GET https://firebase.googleapis.com/v1beta1/projects/mafia-bot-5047d [none]
[debug] [2025-07-24T10:07:53.287Z] <<< [apiv2][status] GET https://firebase.googleapis.com/v1beta1/projects/mafia-bot-5047d 200
[debug] [2025-07-24T10:07:53.290Z] <<< [apiv2][body] GET https://firebase.googleapis.com/v1beta1/projects/mafia-bot-5047d {"projectId":"mafia-bot-5047d","projectNumber":"832914520297","displayName":"Mafia Bot","name":"projects/mafia-bot-5047d","resources":{"hostingSite":"mafia-bot-5047d"},"state":"ACTIVE","etag":"1_9a166d7d-2f0c-4644-9057-1bbbfefb4ffa"}
[info] i  functions: preparing codebase default for deployment 
[info] i  functions: ensuring required API cloudfunctions.googleapis.com is enabled... 
[info] i  functions: ensuring required API cloudbuild.googleapis.com is enabled... 
[info] i  artifactregistry: ensuring required API artifactregistry.googleapis.com is enabled... 
[debug] [2025-07-24T10:07:53.296Z] >>> [apiv2][query] GET https://serviceusage.googleapis.com/v1/projects/mafia-bot-5047d/services/cloudfunctions.googleapis.com [none]
[debug] [2025-07-24T10:07:53.296Z] >>> [apiv2][(partial)header] GET https://serviceusage.googleapis.com/v1/projects/mafia-bot-5047d/services/cloudfunctions.googleapis.com x-goog-quota-user=projects/mafia-bot-5047d
[debug] [2025-07-24T10:07:53.298Z] >>> [apiv2][query] GET https://serviceusage.googleapis.com/v1/projects/mafia-bot-5047d/services/runtimeconfig.googleapis.com [none]
[debug] [2025-07-24T10:07:53.298Z] >>> [apiv2][(partial)header] GET https://serviceusage.googleapis.com/v1/projects/mafia-bot-5047d/services/runtimeconfig.googleapis.com x-goog-quota-user=projects/mafia-bot-5047d
[debug] [2025-07-24T10:07:53.300Z] >>> [apiv2][query] GET https://serviceusage.googleapis.com/v1/projects/mafia-bot-5047d/services/cloudbuild.googleapis.com [none]
[debug] [2025-07-24T10:07:53.300Z] >>> [apiv2][(partial)header] GET https://serviceusage.googleapis.com/v1/projects/mafia-bot-5047d/services/cloudbuild.googleapis.com x-goog-quota-user=projects/mafia-bot-5047d
[debug] [2025-07-24T10:07:53.300Z] >>> [apiv2][query] GET https://serviceusage.googleapis.com/v1/projects/mafia-bot-5047d/services/artifactregistry.googleapis.com [none]
[debug] [2025-07-24T10:07:53.300Z] >>> [apiv2][(partial)header] GET https://serviceusage.googleapis.com/v1/projects/mafia-bot-5047d/services/artifactregistry.googleapis.com x-goog-quota-user=projects/mafia-bot-5047d
[debug] [2025-07-24T10:07:53.858Z] <<< [apiv2][status] GET https://serviceusage.googleapis.com/v1/projects/mafia-bot-5047d/services/runtimeconfig.googleapis.com 200
[debug] [2025-07-24T10:07:53.858Z] <<< [apiv2][body] GET https://serviceusage.googleapis.com/v1/projects/mafia-bot-5047d/services/runtimeconfig.googleapis.com [omitted]
[debug] [2025-07-24T10:07:53.859Z] <<< [apiv2][status] GET https://serviceusage.googleapis.com/v1/projects/mafia-bot-5047d/services/cloudbuild.googleapis.com 200
[debug] [2025-07-24T10:07:53.859Z] <<< [apiv2][body] GET https://serviceusage.googleapis.com/v1/projects/mafia-bot-5047d/services/cloudbuild.googleapis.com [omitted]
[info] ✔  functions: required API cloudbuild.googleapis.com is enabled 
[debug] [2025-07-24T10:07:53.861Z] <<< [apiv2][status] GET https://serviceusage.googleapis.com/v1/projects/mafia-bot-5047d/services/artifactregistry.googleapis.com 200
[debug] [2025-07-24T10:07:53.861Z] <<< [apiv2][body] GET https://serviceusage.googleapis.com/v1/projects/mafia-bot-5047d/services/artifactregistry.googleapis.com [omitted]
[info] ✔  artifactregistry: required API artifactregistry.googleapis.com is enabled 
[debug] [2025-07-24T10:07:53.863Z] <<< [apiv2][status] GET https://serviceusage.googleapis.com/v1/projects/mafia-bot-5047d/services/cloudfunctions.googleapis.com 200
[debug] [2025-07-24T10:07:53.863Z] <<< [apiv2][body] GET https://serviceusage.googleapis.com/v1/projects/mafia-bot-5047d/services/cloudfunctions.googleapis.com [omitted]
[info] ✔  functions: required API cloudfunctions.googleapis.com is enabled 
[debug] [2025-07-24T10:07:53.865Z] >>> [apiv2][query] GET https://firebase.googleapis.com/v1beta1/projects/mafia-bot-5047d/adminSdkConfig [none]
[debug] [2025-07-24T10:07:54.074Z] <<< [apiv2][status] GET https://firebase.googleapis.com/v1beta1/projects/mafia-bot-5047d/adminSdkConfig 200
[debug] [2025-07-24T10:07:54.074Z] <<< [apiv2][body] GET https://firebase.googleapis.com/v1beta1/projects/mafia-bot-5047d/adminSdkConfig {"projectId":"mafia-bot-5047d","storageBucket":"mafia-bot-5047d.firebasestorage.app"}
[debug] [2025-07-24T10:07:54.076Z] >>> [apiv2][query] GET https://runtimeconfig.googleapis.com/v1beta1/projects/mafia-bot-5047d/configs [none]
[debug] [2025-07-24T10:07:54.463Z] <<< [apiv2][status] GET https://runtimeconfig.googleapis.com/v1beta1/projects/mafia-bot-5047d/configs 200
[debug] [2025-07-24T10:07:54.463Z] <<< [apiv2][body] GET https://runtimeconfig.googleapis.com/v1beta1/projects/mafia-bot-5047d/configs {}
[debug] [2025-07-24T10:07:54.467Z] Validating nodejs source
[warn] ⚠  functions: Runtime Node.js 18 was deprecated on 2025-04-30 and will be decommissioned on 2025-10-31, after which you will not be able to deploy without upgrading. Consider upgrading now to avoid disruption. See https://cloud.google.com/functions/docs/runtime-support for full details on the lifecycle policy 
[warn] ⚠  functions: package.json indicates an outdated version of firebase-functions. Please upgrade using npm install --save firebase-functions@latest in your functions directory. 
[warn] ⚠  functions: Please note that there will be breaking changes when you upgrade. 
[debug] [2025-07-24T10:07:55.365Z] > [functions] package.json contents: {
  "name": "functions",
  "description": "Cloud Functions for Firebase",
  "scripts": {
    "serve": "firebase emulators:start --only functions",
    "shell": "firebase functions:shell",
    "start": "npm run shell",
    "deploy": "firebase deploy --only functions",
    "logs": "firebase functions:log"
  },
  "engines": {
    "node": "18"
  },
  "main": "index.js",
  "dependencies": {
    "firebase-admin": "^12.1.0",
    "firebase-functions": "^5.0.0"
  },
  "devDependencies": {
    "firebase-functions-test": "^3.1.0"
  },
  "private": true
}
[debug] [2025-07-24T10:07:55.365Z] Building nodejs source
[info] i  functions: Loading and analyzing source code for codebase default to determine what to deploy 
[debug] [2025-07-24T10:07:55.366Z] Could not find functions.yaml. Must use http discovery
[debug] [2025-07-24T10:07:55.382Z] Found firebase-functions binary at '/Users/alejandroestrella/Desktop/MafiaInstructions/build/functions/node_modules/.bin/firebase-functions'
[info] Serving at port 8927

[debug] [2025-07-24T10:07:56.578Z] Got response from /__/functions.yaml {"endpoints":{"ssrServer":{"availableMemoryMb":1024,"timeoutSeconds":null,"minInstances":null,"maxInstances":null,"ingressSettings":null,"concurrency":8,"serviceAccountEmail":null,"vpc":null,"platform":"gcfv2","region":["us-west2"],"labels":{},"httpsTrigger":{},"entryPoint":"ssrServer"}},"specVersion":"v1alpha1","requiredAPIs":[]}
[info] i  functions: preparing build/functions directory for uploading... 
[info] i  functions: packaged /Users/alejandroestrella/Desktop/MafiaInstructions/build/functions (2.22 MB) for uploading 
[debug] [2025-07-24T10:07:56.793Z] >>> [apiv2][query] GET https://cloudfunctions.googleapis.com/v1/projects/mafia-bot-5047d/locations/-/functions [none]
[debug] [2025-07-24T10:07:57.433Z] <<< [apiv2][status] GET https://cloudfunctions.googleapis.com/v1/projects/mafia-bot-5047d/locations/-/functions 200
[debug] [2025-07-24T10:07:57.434Z] <<< [apiv2][body] GET https://cloudfunctions.googleapis.com/v1/projects/mafia-bot-5047d/locations/-/functions {}
[debug] [2025-07-24T10:07:57.435Z] >>> [apiv2][query] GET https://cloudfunctions.googleapis.com/v2/projects/mafia-bot-5047d/locations/-/functions filter=environment%3D%22GEN_2%22
[debug] [2025-07-24T10:07:58.072Z] <<< [apiv2][status] GET https://cloudfunctions.googleapis.com/v2/projects/mafia-bot-5047d/locations/-/functions 200
[debug] [2025-07-24T10:07:58.072Z] <<< [apiv2][body] GET https://cloudfunctions.googleapis.com/v2/projects/mafia-bot-5047d/locations/-/functions {"functions":[{"name":"projects/mafia-bot-5047d/locations/us-west2/functions/ssrServer","buildConfig":{"build":"projects/832914520297/locations/us-west2/builds/a6b2aa94-25d5-42fd-b832-c341275e01e5","runtime":"nodejs18","entryPoint":"ssrServer","source":{"storageSource":{"bucket":"gcf-v2-sources-832914520297-us-west2","object":"ssrServer/function-source.zip","generation":"1753348259110295"}},"environmentVariables":{"GOOGLE_NODE_RUN_SCRIPTS":""},"dockerRepository":"projects/mafia-bot-5047d/locations/us-west2/repositories/gcf-artifacts","sourceProvenance":{"resolvedStorageSource":{"bucket":"gcf-v2-sources-832914520297-us-west2","object":"ssrServer/function-source.zip","generation":"1753348259110295"}},"dockerRegistry":"ARTIFACT_REGISTRY","automaticUpdatePolicy":{}},"serviceConfig":{"service":"projects/mafia-bot-5047d/locations/us-west2/services/ssrserver","timeoutSeconds":60,"environmentVariables":{"FIREBASE_CONFIG":"{\"projectId\":\"mafia-bot-5047d\",\"storageBucket\":\"mafia-bot-5047d.firebasestorage.app\"}","GCLOUD_PROJECT":"mafia-bot-5047d","EVENTARC_CLOUD_EVENT_SOURCE":"projects/mafia-bot-5047d/locations/us-west2/services/ssrServer","FUNCTION_TARGET":"ssrServer","LOG_EXECUTION_ID":"true"},"maxInstanceCount":3,"ingressSettings":"ALLOW_ALL","uri":"https://ssrserver-fu2qlu3sca-wl.a.run.app","serviceAccountEmail":"832914520297-compute@developer.gserviceaccount.com","availableMemory":"1024Mi","allTrafficOnLatestRevision":true,"revision":"ssrserver-00014-lis","maxInstanceRequestConcurrency":8,"availableCpu":"1"},"state":"ACTIVE","updateTime":"2025-07-24T09:11:46.092780093Z","labels":{"firebase-functions-hash":"c9802a2639025d534c245f6772c373d621037474","deployment-tool":"cli-firebase"},"environment":"GEN_2","url":"https://us-west2-mafia-bot-5047d.cloudfunctions.net/ssrServer","createTime":"2024-06-08T22:10:25.852715384Z","satisfiesPzi":true}]}
[info] i  functions: ensuring required API run.googleapis.com is enabled... 
[info] i  functions: ensuring required API eventarc.googleapis.com is enabled... 
[info] i  functions: ensuring required API pubsub.googleapis.com is enabled... 
[info] i  functions: ensuring required API storage.googleapis.com is enabled... 
[debug] [2025-07-24T10:07:58.080Z] >>> [apiv2][query] GET https://serviceusage.googleapis.com/v1/projects/mafia-bot-5047d/services/run.googleapis.com [none]
[debug] [2025-07-24T10:07:58.080Z] >>> [apiv2][(partial)header] GET https://serviceusage.googleapis.com/v1/projects/mafia-bot-5047d/services/run.googleapis.com x-goog-quota-user=projects/mafia-bot-5047d
[debug] [2025-07-24T10:07:58.084Z] >>> [apiv2][query] GET https://serviceusage.googleapis.com/v1/projects/mafia-bot-5047d/services/eventarc.googleapis.com [none]
[debug] [2025-07-24T10:07:58.084Z] >>> [apiv2][(partial)header] GET https://serviceusage.googleapis.com/v1/projects/mafia-bot-5047d/services/eventarc.googleapis.com x-goog-quota-user=projects/mafia-bot-5047d
[debug] [2025-07-24T10:07:58.087Z] >>> [apiv2][query] GET https://serviceusage.googleapis.com/v1/projects/mafia-bot-5047d/services/pubsub.googleapis.com [none]
[debug] [2025-07-24T10:07:58.087Z] >>> [apiv2][(partial)header] GET https://serviceusage.googleapis.com/v1/projects/mafia-bot-5047d/services/pubsub.googleapis.com x-goog-quota-user=projects/mafia-bot-5047d
[debug] [2025-07-24T10:07:58.088Z] >>> [apiv2][query] GET https://serviceusage.googleapis.com/v1/projects/mafia-bot-5047d/services/storage.googleapis.com [none]
[debug] [2025-07-24T10:07:58.089Z] >>> [apiv2][(partial)header] GET https://serviceusage.googleapis.com/v1/projects/mafia-bot-5047d/services/storage.googleapis.com x-goog-quota-user=projects/mafia-bot-5047d
[debug] [2025-07-24T10:07:58.666Z] <<< [apiv2][status] GET https://serviceusage.googleapis.com/v1/projects/mafia-bot-5047d/services/pubsub.googleapis.com 200
[debug] [2025-07-24T10:07:58.666Z] <<< [apiv2][body] GET https://serviceusage.googleapis.com/v1/projects/mafia-bot-5047d/services/pubsub.googleapis.com [omitted]
[info] ✔  functions: required API pubsub.googleapis.com is enabled 
[debug] [2025-07-24T10:07:58.668Z] <<< [apiv2][status] GET https://serviceusage.googleapis.com/v1/projects/mafia-bot-5047d/services/storage.googleapis.com 200
[debug] [2025-07-24T10:07:58.668Z] <<< [apiv2][body] GET https://serviceusage.googleapis.com/v1/projects/mafia-bot-5047d/services/storage.googleapis.com [omitted]
[info] ✔  functions: required API storage.googleapis.com is enabled 
[debug] [2025-07-24T10:07:58.669Z] <<< [apiv2][status] GET https://serviceusage.googleapis.com/v1/projects/mafia-bot-5047d/services/run.googleapis.com 200
[debug] [2025-07-24T10:07:58.669Z] <<< [apiv2][body] GET https://serviceusage.googleapis.com/v1/projects/mafia-bot-5047d/services/run.googleapis.com [omitted]
[info] ✔  functions: required API run.googleapis.com is enabled 
[debug] [2025-07-24T10:07:58.670Z] <<< [apiv2][status] GET https://serviceusage.googleapis.com/v1/projects/mafia-bot-5047d/services/eventarc.googleapis.com 200
[debug] [2025-07-24T10:07:58.670Z] <<< [apiv2][body] GET https://serviceusage.googleapis.com/v1/projects/mafia-bot-5047d/services/eventarc.googleapis.com [omitted]
[info] ✔  functions: required API eventarc.googleapis.com is enabled 
[info] i  functions: generating the service identity for pubsub.googleapis.com... 
[info] i  functions: generating the service identity for eventarc.googleapis.com... 
[debug] [2025-07-24T10:07:58.671Z] >>> [apiv2][query] POST https://serviceusage.googleapis.com/v1beta1/projects/832914520297/services/pubsub.googleapis.com:generateServiceIdentity [none]
[debug] [2025-07-24T10:07:58.675Z] >>> [apiv2][query] POST https://serviceusage.googleapis.com/v1beta1/projects/832914520297/services/eventarc.googleapis.com:generateServiceIdentity [none]
[debug] [2025-07-24T10:07:59.278Z] <<< [apiv2][status] POST https://serviceusage.googleapis.com/v1beta1/projects/832914520297/services/eventarc.googleapis.com:generateServiceIdentity 200
[debug] [2025-07-24T10:07:59.278Z] <<< [apiv2][body] POST https://serviceusage.googleapis.com/v1beta1/projects/832914520297/services/eventarc.googleapis.com:generateServiceIdentity {"name":"operations/finished.DONE_OPERATION","done":true,"response":{"@type":"type.googleapis.com/google.api.serviceusage.v1beta1.ServiceIdentity","email":"service-832914520297@gcp-sa-eventarc.iam.gserviceaccount.com","uniqueId":"114610515958626556705"}}
[debug] [2025-07-24T10:07:59.279Z] <<< [apiv2][status] POST https://serviceusage.googleapis.com/v1beta1/projects/832914520297/services/pubsub.googleapis.com:generateServiceIdentity 200
[debug] [2025-07-24T10:07:59.279Z] <<< [apiv2][body] POST https://serviceusage.googleapis.com/v1beta1/projects/832914520297/services/pubsub.googleapis.com:generateServiceIdentity {"name":"operations/finished.DONE_OPERATION","done":true,"response":{"@type":"type.googleapis.com/google.api.serviceusage.v1beta1.ServiceIdentity","email":"service-832914520297@gcp-sa-pubsub.iam.gserviceaccount.com","uniqueId":"115678028275234051550"}}
[debug] [2025-07-24T10:07:59.283Z] >>> [apiv2][query] GET https://firebase.googleapis.com/v1beta1/projects/mafia-bot-5047d [none]
[debug] [2025-07-24T10:07:59.490Z] <<< [apiv2][status] GET https://firebase.googleapis.com/v1beta1/projects/mafia-bot-5047d 200
[debug] [2025-07-24T10:07:59.490Z] <<< [apiv2][body] GET https://firebase.googleapis.com/v1beta1/projects/mafia-bot-5047d {"projectId":"mafia-bot-5047d","projectNumber":"832914520297","displayName":"Mafia Bot","name":"projects/mafia-bot-5047d","resources":{"hostingSite":"mafia-bot-5047d"},"state":"ACTIVE","etag":"1_9a166d7d-2f0c-4644-9057-1bbbfefb4ffa"}
[debug] [2025-07-24T10:07:59.494Z] >>> [apiv2][query] POST https://firebasehosting.googleapis.com/v1beta1/projects/-/sites/mafia-bot-5047d/versions [none]
[debug] [2025-07-24T10:07:59.494Z] >>> [apiv2][body] POST https://firebasehosting.googleapis.com/v1beta1/projects/-/sites/mafia-bot-5047d/versions {"status":"CREATED","labels":{"deployment-tool":"cli-firebase"}}
[debug] [2025-07-24T10:08:00.235Z] <<< [apiv2][status] POST https://firebasehosting.googleapis.com/v1beta1/projects/-/sites/mafia-bot-5047d/versions 200
[debug] [2025-07-24T10:08:00.235Z] <<< [apiv2][body] POST https://firebasehosting.googleapis.com/v1beta1/projects/-/sites/mafia-bot-5047d/versions {"name":"projects/832914520297/sites/mafia-bot-5047d/versions/ed3697743f1c45b8","status":"CREATED","config":{},"labels":{"deployment-tool":"cli-firebase"}}
[debug] [2025-07-24T10:08:00.238Z] >>> [apiv2][query] POST https://cloudfunctions.googleapis.com/v2/projects/mafia-bot-5047d/locations/us-west2/functions:generateUploadUrl [none]
[debug] [2025-07-24T10:08:00.547Z] <<< [apiv2][status] POST https://cloudfunctions.googleapis.com/v2/projects/mafia-bot-5047d/locations/us-west2/functions:generateUploadUrl 200
[debug] [2025-07-24T10:08:00.553Z] <<< [apiv2][body] POST https://cloudfunctions.googleapis.com/v2/projects/mafia-bot-5047d/locations/us-west2/functions:generateUploadUrl {"uploadUrl":"https://storage.googleapis.com/gcf-v2-uploads-832914520297.us-west2.cloudfunctions.appspot.com/c86e2ddf-1ae3-4c42-8c9c-86085567a632.zip?GoogleAccessId=service-832914520297@gcf-admin-robot.iam.gserviceaccount.com&Expires=1753353480&Signature=EM9gJhoUGSNYhx1YWtYwVXujcO%2BQ9FtmkwvQC53UcjtYaStgky2flbH%2FR5i7z2BjzMp%2BlAWH%2B9yHlEXuUtNXlqeDBbcXVjBPW5qH8%2BXjBd2x5k3yrz5YEGFSb4dRa0vjbjmg5dbdEdDscHO0lqw6EET2K%2BJgpwZRGr6q7lsv9Z01T%2BvfA9tYCpC9b7UO%2F2rRDmHcrY0JAZD4%2Fka4whsgC8Ay5MGzPsqfjHPHou3tLiadXw5EOOT4C1Yko4hx7K4NecbmCcoqDZB0tN4gulPTDnelklpr1R76icp6xRcIAAmkuOYjBFzzK9xQoTwQLHXswQDXSByD7bXYikMk1DPBuQ%3D%3D","storageSource":{"bucket":"gcf-v2-uploads-832914520297.us-west2.cloudfunctions.appspot.com","object":"c86e2ddf-1ae3-4c42-8c9c-86085567a632.zip"}}
[debug] [2025-07-24T10:08:00.558Z] >>> [apiv2][query] PUT https://storage.googleapis.com/gcf-v2-uploads-832914520297.us-west2.cloudfunctions.appspot.com/c86e2ddf-1ae3-4c42-8c9c-86085567a632.zip GoogleAccessId=service-832914520297%40gcf-admin-robot.iam.gserviceaccount.com&Expires=1753353480&Signature=EM9gJhoUGSNYhx1YWtYwVXujcO%2BQ9FtmkwvQC53UcjtYaStgky2flbH%2FR5i7z2BjzMp%2BlAWH%2B9yHlEXuUtNXlqeDBbcXVjBPW5qH8%2BXjBd2x5k3yrz5YEGFSb4dRa0vjbjmg5dbdEdDscHO0lqw6EET2K%2BJgpwZRGr6q7lsv9Z01T%2BvfA9tYCpC9b7UO%2F2rRDmHcrY0JAZD4%2Fka4whsgC8Ay5MGzPsqfjHPHou3tLiadXw5EOOT4C1Yko4hx7K4NecbmCcoqDZB0tN4gulPTDnelklpr1R76icp6xRcIAAmkuOYjBFzzK9xQoTwQLHXswQDXSByD7bXYikMk1DPBuQ%3D%3D
[debug] [2025-07-24T10:08:00.558Z] >>> [apiv2][body] PUT https://storage.googleapis.com/gcf-v2-uploads-832914520297.us-west2.cloudfunctions.appspot.com/c86e2ddf-1ae3-4c42-8c9c-86085567a632.zip [stream]
[debug] [2025-07-24T10:08:01.301Z] <<< [apiv2][status] PUT https://storage.googleapis.com/gcf-v2-uploads-832914520297.us-west2.cloudfunctions.appspot.com/c86e2ddf-1ae3-4c42-8c9c-86085567a632.zip 200
[debug] [2025-07-24T10:08:01.305Z] <<< [apiv2][body] PUT https://storage.googleapis.com/gcf-v2-uploads-832914520297.us-west2.cloudfunctions.appspot.com/c86e2ddf-1ae3-4c42-8c9c-86085567a632.zip [omitted]
[info] ✔  functions: build/functions folder uploaded successfully 
[info] i  hosting[mafia-bot-5047d]: beginning deploy... 
[info] i  hosting[mafia-bot-5047d]: found 55 files in build/public 
[debug] [2025-07-24T10:08:01.329Z] [hosting] uploading with 200 concurrency
[debug] [2025-07-24T10:08:01.502Z] [hosting] hash cache [YnVpbGQvcHVibGlj] stored for 55 files
[debug] [2025-07-24T10:08:01.505Z] [hosting][hash queue][FINAL] {"max":163,"min":15,"avg":55.41818181818182,"active":0,"complete":55,"success":55,"errored":0,"retried":0,"total":55,"elapsed":171}
[debug] [2025-07-24T10:08:01.507Z] >>> [apiv2][query] POST https://firebasehosting.googleapis.com/v1beta1/projects/832914520297/sites/mafia-bot-5047d/versions/ed3697743f1c45b8:populateFiles [none]
[debug] [2025-07-24T10:08:01.507Z] >>> [apiv2][body] POST https://firebasehosting.googleapis.com/v1beta1/projects/832914520297/sites/mafia-bot-5047d/versions/ed3697743f1c45b8:populateFiles {"files":{"/favicon.png":"89f71724d81558fded9bc053fff4efc07c4166cdbad61b4214e90cd826d4dbb5","/_app/version.json":"01b8ba10b1ac1f9471da254d10fdd5c078701dc3fd85835402c79d74859c5b0d","/_app/immutable/assets/10.a44f125c.css":"361d078c12483efd045a3530a60d77bd7cfaa28a8da3bd91c82a8df3d4082a35","/_app/immutable/assets/ImageScatter.173ab6b5.css":"cabbea3d12c73bb86197bca78100eb955c36caa5df488969dd2d6b3da8dfd2bb","/_app/immutable/assets/Markdown.882a2347.css":"0af967717548608532642f8b4f65af2488daa79681c18728ee988c72657e8131","/_app/immutable/chunks/6.4ed993c7.js":"cfd889f20f894f14a8cb22e241c69f1493b1f7422eef5d527fce6974d3eb068d","/_app/immutable/assets/_page.a44f125c.css":"361d078c12483efd045a3530a60d77bd7cfaa28a8da3bd91c82a8df3d4082a35","/_app/immutable/chunks/Icon.f5425421.js":"16e0c570c540d04922217baf41b4768e0ff8f8cfc3a2dbd9b27302d0a61011a7","/_app/immutable/assets/_layout.b7d0ff1f.css":"2254180796d6f7ee16b7fc27275e28f5bbe19667f9b512e898c63c43b020b3bc","/_app/immutable/assets/0.88a72d9d.css":"fc6c9642f4a367257fc169ac69eba561c264f7e4dc6d292c868e6dc38bfad4b5","/_app/immutable/chunks/each.df349d78.js":"c8b68590d7d9ac4af883a99460b0ab0b37f442895728f1d721fe82852d750589","/_app/immutable/assets/List.882a2347.css":"0af967717548608532642f8b4f65af2488daa79681c18728ee988c72657e8131","/_app/immutable/chunks/index.6048639a.js":"25fbf42d2ac672bd4b187c5bf3f22e540433e67cf50a178f2787158b9f1da42b","/_app/immutable/chunks/Background.26e7ba27.js":"6f027d270491ac82b27bc9cad2a131415df15e385bf867ea1072f5dc2d24a792","/_app/immutable/chunks/navigation.c5880efe.js":"833d64be7e71869f08b29cbce62013e380733d6fd43721f463639d8cf7455a32","/_app/immutable/chunks/paths.881d2a40.js":"9bb0a28998801205f45e1e5edcf24bd10629716a5bde7d0e6961ee597f80ec24","/_app/immutable/chunks/singletons.afcf0dcf.js":"08afc23adacf65aa92480d391d72aad644f7fcbebae943722873edbc42069141","/_app/immutable/chunks/Line.3228dbb0.js":"ffc797f1cc6c14e3477c0883698753f66981d68e5cc7369e953b41ab26084039","/_app/immutable/chunks/Icon.6b713370.js":"d5a6a11e7cc9684c3d78481d0bbc1d16c71c2830be6adb6ee587fb6facc2f8dd","/_app/immutable/chunks/stores.4e9050b1.js":"227b276b90446e6dcfb14cb046079960a26b4843def03d9437fe07ed3fcb8d4d","/_app/immutable/chunks/index.2809fb41.js":"fec7fca2ab35f45d86fc6be089aa31e1c14224c0e770860c88a83df6a0de71ff","/_app/immutable/nodes/1.db56e66e.js":"42431639f09d3bbbe72ab7d0ad6d9869c782ace1337d6353577f7777f6353dcc","/_app/immutable/chunks/spread.8a54911c.js":"d9e9b4e573c58d7b30a955223b09e969a0812cae0e560ef46ab91945b0b3812b","/_app/immutable/chunks/scheduler.ee20a679.js":"ab5632b5d0b834c3d7f24dec0ff5a9ee10bc3c3660e0eee51459fe2f8f7c90f5","/_app/immutable/chunks/meridiem.3e10e681.js":"0c8e0f8995b4e3348c0998b1db9192bc242d6ab2decad5bd9a8db21be8c41f18","/_app/immutable/nodes/3.40253bec.js":"bacb5e43001425609b989727ab93d9bf2f9af5aab035ccf9ac4db1a5dbcaee39","/_app/immutable/nodes/0.9eab12af.js":"cca638468653bb1242df22ddb7c3cc678bdab5e41e847b550d8d522fdcf219c1","/_app/immutable/entry/start.1c4a7a37.js":"b349a6b9aa2a2c088210f125e6ebef72326eb255a21856fd1ce7a03dddb2a7b7","/_app/immutable/entry/app.cf82e829.js":"393354c2a050e3ad6d5d1a3b29189bde95261660b59ab966cc6ea38441184fcb","/_app/immutable/nodes/2.ec4731dc.js":"fb8699c6f5690c5181c56a0533d4a3e25cd32c1c6cdc2a329b1d21a964145c97","/_app/immutable/chunks/Markdown.6db0c97c.js":"b743820d0e1cb8a560debbbadb84e0a29628164dd6caefebcbe5b4e39ab096b5","/_app/immutable/nodes/10.56465cf0.js":"8222232c7390a727e017fabe28caba22523370e2ced9357d4ab6e3a086ecae4b","/_app/immutable/nodes/4.40253bec.js":"bacb5e43001425609b989727ab93d9bf2f9af5aab035ccf9ac4db1a5dbcaee39","/_app/immutable/nodes/7.eb1e6054.js":"93856a849ab232f31c9eac0311ff71be6f53f10af300e4236cefe23c28b5284b","/_app/immutable/nodes/5.5606ea0b.js":"769e8d6c9ef4a42eb161b9328303ed3c3a6502f2d46735c9c76e8853e70f1cfe","/_app/immutable/nodes/8.eaf0a192.js":"ae6b9954d6f39ff6af502b8afd965400658bdac933d7a8d43d9a32655c3cf301","/8.png":"365772897e858bfe5f8893536359397478f91cacc5ed362d2f4ca255a37f37cc","/7.png":"064b4a50cab2b3d86aebecc6ecefec6c6a0620fd0444fa0c4a973cdbf0412487","/_app/immutable/nodes/9.cd381975.js":"7f2706744ec15f19dfcce324b651e53de08782ed0ceb054ce97219a1ca4d71a8","/9.png":"b988e695bbf38ee96125c9457a64388d0a16ace447f2ee71bba93841f1628d8d","/15.png":"6cc96b83ae5ab595dd6c7885355838c5faee04a6bbc907252cd2e64f0b50ad78","/6.png":"8239e1e1383bfcb2c47c51e0d05698412ff67e3d0b3194e719a5c2cb26d2435f","/4.png":"270c9573c8613dac116b4ba5da5b42ccb05535a0e0c4212977f01401482e6a5a","/14.png":"d7397c2d6489297d22734676fd36cbe4c46d9149bb890850d99a39dc2e9d8aab","/5.png":"e2fa288d62dc27cd1e47adf27c8f8598c89f26528cb313bc98eb9685e2b424b8","/10.png":"23c02847d904f88d29b20e148b800f32ef3cf6cf9ddafe09754176c7ed5bb251","/13.png":"d2c0cd6c029240796004d1df8fb2d377ce97a9ae29dbea76ab74173efd061c1b","/12.png":"0d5acb5dbdf1d1cf8010876588649002365a12b525482cb08cd69cbe88da521c","/11.png":"26a3243f9cbedabc54b69eb528706b0afac050314a66484a6c8ffe411c4f6be1","/2.png":"604e11388c6f20853118c498c3a9acdc04275c14bcc263adbe78060ba2153b63","/3.png":"a6431c4394ee13fa8ee3d9f218815303a7b1ae6d40fc2f54b0b220815d1a85fb","/18.png":"0e9e27061cf391447687504caa49b9f866a16f282b762d78256bb9eb3fe0bc7f","/17.png":"9e8add8c859f58d80f65aa8714a1aa223888893b3a63ca7e623516e7dda564e2","/1.png":"eb919e4bddf86f0bd49dedd41e59f71a8e8649c7b4fa2cc084f145e5b7b8176b","/16.png":"db2c90a240760f3ab11bc800e7d3db997700291b11f55ba086514abdb6e63385"}}
[debug] [2025-07-24T10:08:02.051Z] <<< [apiv2][status] POST https://firebasehosting.googleapis.com/v1beta1/projects/832914520297/sites/mafia-bot-5047d/versions/ed3697743f1c45b8:populateFiles 200
[debug] [2025-07-24T10:08:02.052Z] <<< [apiv2][body] POST https://firebasehosting.googleapis.com/v1beta1/projects/832914520297/sites/mafia-bot-5047d/versions/ed3697743f1c45b8:populateFiles {"uploadRequiredHashes":["6f027d270491ac82b27bc9cad2a131415df15e385bf867ea1072f5dc2d24a792","227b276b90446e6dcfb14cb046079960a26b4843def03d9437fe07ed3fcb8d4d","fc6c9642f4a367257fc169ac69eba561c264f7e4dc6d292c868e6dc38bfad4b5","b349a6b9aa2a2c088210f125e6ebef72326eb255a21856fd1ce7a03dddb2a7b7","769e8d6c9ef4a42eb161b9328303ed3c3a6502f2d46735c9c76e8853e70f1cfe","b743820d0e1cb8a560debbbadb84e0a29628164dd6caefebcbe5b4e39ab096b5","393354c2a050e3ad6d5d1a3b29189bde95261660b59ab966cc6ea38441184fcb","ae6b9954d6f39ff6af502b8afd965400658bdac933d7a8d43d9a32655c3cf301","01b8ba10b1ac1f9471da254d10fdd5c078701dc3fd85835402c79d74859c5b0d","93856a849ab232f31c9eac0311ff71be6f53f10af300e4236cefe23c28b5284b","fb8699c6f5690c5181c56a0533d4a3e25cd32c1c6cdc2a329b1d21a964145c97","9bb0a28998801205f45e1e5edcf24bd10629716a5bde7d0e6961ee597f80ec24","bacb5e43001425609b989727ab93d9bf2f9af5aab035ccf9ac4db1a5dbcaee39","833d64be7e71869f08b29cbce62013e380733d6fd43721f463639d8cf7455a32","cca638468653bb1242df22ddb7c3cc678bdab5e41e847b550d8d522fdcf219c1","2254180796d6f7ee16b7fc27275e28f5bbe19667f9b512e898c63c43b020b3bc","08afc23adacf65aa92480d391d72aad644f7fcbebae943722873edbc42069141","42431639f09d3bbbe72ab7d0ad6d9869c782ace1337d6353577f7777f6353dcc"],"uploadUrl":"https://upload-firebasehosting.googleapis.com/upload/sites/mafia-bot-5047d/versions/ed3697743f1c45b8/files"}
[debug] [2025-07-24T10:08:02.058Z] >>> [apiv2][query] POST https://upload-firebasehosting.googleapis.com/upload/sites/mafia-bot-5047d/versions/ed3697743f1c45b8/files/6f027d270491ac82b27bc9cad2a131415df15e385bf867ea1072f5dc2d24a792 [none]
[debug] [2025-07-24T10:08:02.058Z] >>> [apiv2][body] POST https://upload-firebasehosting.googleapis.com/upload/sites/mafia-bot-5047d/versions/ed3697743f1c45b8/files/6f027d270491ac82b27bc9cad2a131415df15e385bf867ea1072f5dc2d24a792 [stream]
[debug] [2025-07-24T10:08:02.061Z] >>> [apiv2][query] POST https://upload-firebasehosting.googleapis.com/upload/sites/mafia-bot-5047d/versions/ed3697743f1c45b8/files/227b276b90446e6dcfb14cb046079960a26b4843def03d9437fe07ed3fcb8d4d [none]
[debug] [2025-07-24T10:08:02.061Z] >>> [apiv2][body] POST https://upload-firebasehosting.googleapis.com/upload/sites/mafia-bot-5047d/versions/ed3697743f1c45b8/files/227b276b90446e6dcfb14cb046079960a26b4843def03d9437fe07ed3fcb8d4d [stream]
[debug] [2025-07-24T10:08:02.062Z] >>> [apiv2][query] POST https://upload-firebasehosting.googleapis.com/upload/sites/mafia-bot-5047d/versions/ed3697743f1c45b8/files/fc6c9642f4a367257fc169ac69eba561c264f7e4dc6d292c868e6dc38bfad4b5 [none]
[debug] [2025-07-24T10:08:02.062Z] >>> [apiv2][body] POST https://upload-firebasehosting.googleapis.com/upload/sites/mafia-bot-5047d/versions/ed3697743f1c45b8/files/fc6c9642f4a367257fc169ac69eba561c264f7e4dc6d292c868e6dc38bfad4b5 [stream]
[debug] [2025-07-24T10:08:02.064Z] >>> [apiv2][query] POST https://upload-firebasehosting.googleapis.com/upload/sites/mafia-bot-5047d/versions/ed3697743f1c45b8/files/b349a6b9aa2a2c088210f125e6ebef72326eb255a21856fd1ce7a03dddb2a7b7 [none]
[debug] [2025-07-24T10:08:02.064Z] >>> [apiv2][body] POST https://upload-firebasehosting.googleapis.com/upload/sites/mafia-bot-5047d/versions/ed3697743f1c45b8/files/b349a6b9aa2a2c088210f125e6ebef72326eb255a21856fd1ce7a03dddb2a7b7 [stream]
[debug] [2025-07-24T10:08:02.066Z] >>> [apiv2][query] POST https://upload-firebasehosting.googleapis.com/upload/sites/mafia-bot-5047d/versions/ed3697743f1c45b8/files/769e8d6c9ef4a42eb161b9328303ed3c3a6502f2d46735c9c76e8853e70f1cfe [none]
[debug] [2025-07-24T10:08:02.066Z] >>> [apiv2][body] POST https://upload-firebasehosting.googleapis.com/upload/sites/mafia-bot-5047d/versions/ed3697743f1c45b8/files/769e8d6c9ef4a42eb161b9328303ed3c3a6502f2d46735c9c76e8853e70f1cfe [stream]
[debug] [2025-07-24T10:08:02.067Z] >>> [apiv2][query] POST https://upload-firebasehosting.googleapis.com/upload/sites/mafia-bot-5047d/versions/ed3697743f1c45b8/files/b743820d0e1cb8a560debbbadb84e0a29628164dd6caefebcbe5b4e39ab096b5 [none]
[debug] [2025-07-24T10:08:02.067Z] >>> [apiv2][body] POST https://upload-firebasehosting.googleapis.com/upload/sites/mafia-bot-5047d/versions/ed3697743f1c45b8/files/b743820d0e1cb8a560debbbadb84e0a29628164dd6caefebcbe5b4e39ab096b5 [stream]
[debug] [2025-07-24T10:08:02.069Z] >>> [apiv2][query] POST https://upload-firebasehosting.googleapis.com/upload/sites/mafia-bot-5047d/versions/ed3697743f1c45b8/files/393354c2a050e3ad6d5d1a3b29189bde95261660b59ab966cc6ea38441184fcb [none]
[debug] [2025-07-24T10:08:02.069Z] >>> [apiv2][body] POST https://upload-firebasehosting.googleapis.com/upload/sites/mafia-bot-5047d/versions/ed3697743f1c45b8/files/393354c2a050e3ad6d5d1a3b29189bde95261660b59ab966cc6ea38441184fcb [stream]
[debug] [2025-07-24T10:08:02.070Z] >>> [apiv2][query] POST https://upload-firebasehosting.googleapis.com/upload/sites/mafia-bot-5047d/versions/ed3697743f1c45b8/files/ae6b9954d6f39ff6af502b8afd965400658bdac933d7a8d43d9a32655c3cf301 [none]
[debug] [2025-07-24T10:08:02.070Z] >>> [apiv2][body] POST https://upload-firebasehosting.googleapis.com/upload/sites/mafia-bot-5047d/versions/ed3697743f1c45b8/files/ae6b9954d6f39ff6af502b8afd965400658bdac933d7a8d43d9a32655c3cf301 [stream]
[debug] [2025-07-24T10:08:02.073Z] >>> [apiv2][query] POST https://upload-firebasehosting.googleapis.com/upload/sites/mafia-bot-5047d/versions/ed3697743f1c45b8/files/01b8ba10b1ac1f9471da254d10fdd5c078701dc3fd85835402c79d74859c5b0d [none]
[debug] [2025-07-24T10:08:02.074Z] >>> [apiv2][body] POST https://upload-firebasehosting.googleapis.com/upload/sites/mafia-bot-5047d/versions/ed3697743f1c45b8/files/01b8ba10b1ac1f9471da254d10fdd5c078701dc3fd85835402c79d74859c5b0d [stream]
[debug] [2025-07-24T10:08:02.078Z] >>> [apiv2][query] POST https://upload-firebasehosting.googleapis.com/upload/sites/mafia-bot-5047d/versions/ed3697743f1c45b8/files/93856a849ab232f31c9eac0311ff71be6f53f10af300e4236cefe23c28b5284b [none]
[debug] [2025-07-24T10:08:02.078Z] >>> [apiv2][body] POST https://upload-firebasehosting.googleapis.com/upload/sites/mafia-bot-5047d/versions/ed3697743f1c45b8/files/93856a849ab232f31c9eac0311ff71be6f53f10af300e4236cefe23c28b5284b [stream]
[debug] [2025-07-24T10:08:02.079Z] >>> [apiv2][query] POST https://upload-firebasehosting.googleapis.com/upload/sites/mafia-bot-5047d/versions/ed3697743f1c45b8/files/fb8699c6f5690c5181c56a0533d4a3e25cd32c1c6cdc2a329b1d21a964145c97 [none]
[debug] [2025-07-24T10:08:02.079Z] >>> [apiv2][body] POST https://upload-firebasehosting.googleapis.com/upload/sites/mafia-bot-5047d/versions/ed3697743f1c45b8/files/fb8699c6f5690c5181c56a0533d4a3e25cd32c1c6cdc2a329b1d21a964145c97 [stream]
[debug] [2025-07-24T10:08:02.080Z] >>> [apiv2][query] POST https://upload-firebasehosting.googleapis.com/upload/sites/mafia-bot-5047d/versions/ed3697743f1c45b8/files/9bb0a28998801205f45e1e5edcf24bd10629716a5bde7d0e6961ee597f80ec24 [none]
[debug] [2025-07-24T10:08:02.080Z] >>> [apiv2][body] POST https://upload-firebasehosting.googleapis.com/upload/sites/mafia-bot-5047d/versions/ed3697743f1c45b8/files/9bb0a28998801205f45e1e5edcf24bd10629716a5bde7d0e6961ee597f80ec24 [stream]
[debug] [2025-07-24T10:08:02.081Z] >>> [apiv2][query] POST https://upload-firebasehosting.googleapis.com/upload/sites/mafia-bot-5047d/versions/ed3697743f1c45b8/files/bacb5e43001425609b989727ab93d9bf2f9af5aab035ccf9ac4db1a5dbcaee39 [none]
[debug] [2025-07-24T10:08:02.081Z] >>> [apiv2][body] POST https://upload-firebasehosting.googleapis.com/upload/sites/mafia-bot-5047d/versions/ed3697743f1c45b8/files/bacb5e43001425609b989727ab93d9bf2f9af5aab035ccf9ac4db1a5dbcaee39 [stream]
[debug] [2025-07-24T10:08:02.082Z] >>> [apiv2][query] POST https://upload-firebasehosting.googleapis.com/upload/sites/mafia-bot-5047d/versions/ed3697743f1c45b8/files/833d64be7e71869f08b29cbce62013e380733d6fd43721f463639d8cf7455a32 [none]
[debug] [2025-07-24T10:08:02.082Z] >>> [apiv2][body] POST https://upload-firebasehosting.googleapis.com/upload/sites/mafia-bot-5047d/versions/ed3697743f1c45b8/files/833d64be7e71869f08b29cbce62013e380733d6fd43721f463639d8cf7455a32 [stream]
[debug] [2025-07-24T10:08:02.083Z] >>> [apiv2][query] POST https://upload-firebasehosting.googleapis.com/upload/sites/mafia-bot-5047d/versions/ed3697743f1c45b8/files/cca638468653bb1242df22ddb7c3cc678bdab5e41e847b550d8d522fdcf219c1 [none]
[debug] [2025-07-24T10:08:02.083Z] >>> [apiv2][body] POST https://upload-firebasehosting.googleapis.com/upload/sites/mafia-bot-5047d/versions/ed3697743f1c45b8/files/cca638468653bb1242df22ddb7c3cc678bdab5e41e847b550d8d522fdcf219c1 [stream]
[debug] [2025-07-24T10:08:02.086Z] >>> [apiv2][query] POST https://upload-firebasehosting.googleapis.com/upload/sites/mafia-bot-5047d/versions/ed3697743f1c45b8/files/2254180796d6f7ee16b7fc27275e28f5bbe19667f9b512e898c63c43b020b3bc [none]
[debug] [2025-07-24T10:08:02.086Z] >>> [apiv2][body] POST https://upload-firebasehosting.googleapis.com/upload/sites/mafia-bot-5047d/versions/ed3697743f1c45b8/files/2254180796d6f7ee16b7fc27275e28f5bbe19667f9b512e898c63c43b020b3bc [stream]
[debug] [2025-07-24T10:08:02.091Z] >>> [apiv2][query] POST https://upload-firebasehosting.googleapis.com/upload/sites/mafia-bot-5047d/versions/ed3697743f1c45b8/files/08afc23adacf65aa92480d391d72aad644f7fcbebae943722873edbc42069141 [none]
[debug] [2025-07-24T10:08:02.091Z] >>> [apiv2][body] POST https://upload-firebasehosting.googleapis.com/upload/sites/mafia-bot-5047d/versions/ed3697743f1c45b8/files/08afc23adacf65aa92480d391d72aad644f7fcbebae943722873edbc42069141 [stream]
[debug] [2025-07-24T10:08:02.095Z] >>> [apiv2][query] POST https://upload-firebasehosting.googleapis.com/upload/sites/mafia-bot-5047d/versions/ed3697743f1c45b8/files/42431639f09d3bbbe72ab7d0ad6d9869c782ace1337d6353577f7777f6353dcc [none]
[debug] [2025-07-24T10:08:02.095Z] >>> [apiv2][body] POST https://upload-firebasehosting.googleapis.com/upload/sites/mafia-bot-5047d/versions/ed3697743f1c45b8/files/42431639f09d3bbbe72ab7d0ad6d9869c782ace1337d6353577f7777f6353dcc [stream]
[debug] [2025-07-24T10:08:02.096Z] [hosting][populate queue][FINAL] {"max":561,"min":561,"avg":561,"active":0,"complete":1,"success":1,"errored":0,"retried":0,"total":1,"elapsed":599}
[debug] [2025-07-24T10:08:02.097Z] [hosting] uploads queued: 18
[debug] [2025-07-24T10:08:02.660Z] <<< [apiv2][status] POST https://upload-firebasehosting.googleapis.com/upload/sites/mafia-bot-5047d/versions/ed3697743f1c45b8/files/769e8d6c9ef4a42eb161b9328303ed3c3a6502f2d46735c9c76e8853e70f1cfe 200
[debug] [2025-07-24T10:08:02.665Z] <<< [apiv2][body] POST https://upload-firebasehosting.googleapis.com/upload/sites/mafia-bot-5047d/versions/ed3697743f1c45b8/files/769e8d6c9ef4a42eb161b9328303ed3c3a6502f2d46735c9c76e8853e70f1cfe [stream]
[debug] [2025-07-24T10:08:02.668Z] <<< [apiv2][status] POST https://upload-firebasehosting.googleapis.com/upload/sites/mafia-bot-5047d/versions/ed3697743f1c45b8/files/ae6b9954d6f39ff6af502b8afd965400658bdac933d7a8d43d9a32655c3cf301 200
[debug] [2025-07-24T10:08:02.668Z] <<< [apiv2][body] POST https://upload-firebasehosting.googleapis.com/upload/sites/mafia-bot-5047d/versions/ed3697743f1c45b8/files/ae6b9954d6f39ff6af502b8afd965400658bdac933d7a8d43d9a32655c3cf301 [stream]
[debug] [2025-07-24T10:08:02.669Z] <<< [apiv2][status] POST https://upload-firebasehosting.googleapis.com/upload/sites/mafia-bot-5047d/versions/ed3697743f1c45b8/files/08afc23adacf65aa92480d391d72aad644f7fcbebae943722873edbc42069141 200
[debug] [2025-07-24T10:08:02.669Z] <<< [apiv2][body] POST https://upload-firebasehosting.googleapis.com/upload/sites/mafia-bot-5047d/versions/ed3697743f1c45b8/files/08afc23adacf65aa92480d391d72aad644f7fcbebae943722873edbc42069141 [stream]
[debug] [2025-07-24T10:08:02.681Z] <<< [apiv2][status] POST https://upload-firebasehosting.googleapis.com/upload/sites/mafia-bot-5047d/versions/ed3697743f1c45b8/files/cca638468653bb1242df22ddb7c3cc678bdab5e41e847b550d8d522fdcf219c1 200
[debug] [2025-07-24T10:08:02.681Z] <<< [apiv2][body] POST https://upload-firebasehosting.googleapis.com/upload/sites/mafia-bot-5047d/versions/ed3697743f1c45b8/files/cca638468653bb1242df22ddb7c3cc678bdab5e41e847b550d8d522fdcf219c1 [stream]
[debug] [2025-07-24T10:08:02.688Z] <<< [apiv2][status] POST https://upload-firebasehosting.googleapis.com/upload/sites/mafia-bot-5047d/versions/ed3697743f1c45b8/files/93856a849ab232f31c9eac0311ff71be6f53f10af300e4236cefe23c28b5284b 200
[debug] [2025-07-24T10:08:02.688Z] <<< [apiv2][body] POST https://upload-firebasehosting.googleapis.com/upload/sites/mafia-bot-5047d/versions/ed3697743f1c45b8/files/93856a849ab232f31c9eac0311ff71be6f53f10af300e4236cefe23c28b5284b [stream]
[debug] [2025-07-24T10:08:02.711Z] <<< [apiv2][status] POST https://upload-firebasehosting.googleapis.com/upload/sites/mafia-bot-5047d/versions/ed3697743f1c45b8/files/833d64be7e71869f08b29cbce62013e380733d6fd43721f463639d8cf7455a32 200
[debug] [2025-07-24T10:08:02.712Z] <<< [apiv2][body] POST https://upload-firebasehosting.googleapis.com/upload/sites/mafia-bot-5047d/versions/ed3697743f1c45b8/files/833d64be7e71869f08b29cbce62013e380733d6fd43721f463639d8cf7455a32 [stream]
[debug] [2025-07-24T10:08:02.728Z] <<< [apiv2][status] POST https://upload-firebasehosting.googleapis.com/upload/sites/mafia-bot-5047d/versions/ed3697743f1c45b8/files/6f027d270491ac82b27bc9cad2a131415df15e385bf867ea1072f5dc2d24a792 200
[debug] [2025-07-24T10:08:02.728Z] <<< [apiv2][body] POST https://upload-firebasehosting.googleapis.com/upload/sites/mafia-bot-5047d/versions/ed3697743f1c45b8/files/6f027d270491ac82b27bc9cad2a131415df15e385bf867ea1072f5dc2d24a792 [stream]
[debug] [2025-07-24T10:08:02.743Z] <<< [apiv2][status] POST https://upload-firebasehosting.googleapis.com/upload/sites/mafia-bot-5047d/versions/ed3697743f1c45b8/files/b349a6b9aa2a2c088210f125e6ebef72326eb255a21856fd1ce7a03dddb2a7b7 200
[debug] [2025-07-24T10:08:02.743Z] <<< [apiv2][body] POST https://upload-firebasehosting.googleapis.com/upload/sites/mafia-bot-5047d/versions/ed3697743f1c45b8/files/b349a6b9aa2a2c088210f125e6ebef72326eb255a21856fd1ce7a03dddb2a7b7 [stream]
[debug] [2025-07-24T10:08:02.777Z] <<< [apiv2][status] POST https://upload-firebasehosting.googleapis.com/upload/sites/mafia-bot-5047d/versions/ed3697743f1c45b8/files/bacb5e43001425609b989727ab93d9bf2f9af5aab035ccf9ac4db1a5dbcaee39 200
[debug] [2025-07-24T10:08:02.777Z] <<< [apiv2][body] POST https://upload-firebasehosting.googleapis.com/upload/sites/mafia-bot-5047d/versions/ed3697743f1c45b8/files/bacb5e43001425609b989727ab93d9bf2f9af5aab035ccf9ac4db1a5dbcaee39 [stream]
[debug] [2025-07-24T10:08:02.780Z] <<< [apiv2][status] POST https://upload-firebasehosting.googleapis.com/upload/sites/mafia-bot-5047d/versions/ed3697743f1c45b8/files/2254180796d6f7ee16b7fc27275e28f5bbe19667f9b512e898c63c43b020b3bc 200
[debug] [2025-07-24T10:08:02.781Z] <<< [apiv2][body] POST https://upload-firebasehosting.googleapis.com/upload/sites/mafia-bot-5047d/versions/ed3697743f1c45b8/files/2254180796d6f7ee16b7fc27275e28f5bbe19667f9b512e898c63c43b020b3bc [stream]
[debug] [2025-07-24T10:08:02.789Z] <<< [apiv2][status] POST https://upload-firebasehosting.googleapis.com/upload/sites/mafia-bot-5047d/versions/ed3697743f1c45b8/files/227b276b90446e6dcfb14cb046079960a26b4843def03d9437fe07ed3fcb8d4d 200
[debug] [2025-07-24T10:08:02.789Z] <<< [apiv2][body] POST https://upload-firebasehosting.googleapis.com/upload/sites/mafia-bot-5047d/versions/ed3697743f1c45b8/files/227b276b90446e6dcfb14cb046079960a26b4843def03d9437fe07ed3fcb8d4d [stream]
[debug] [2025-07-24T10:08:02.794Z] <<< [apiv2][status] POST https://upload-firebasehosting.googleapis.com/upload/sites/mafia-bot-5047d/versions/ed3697743f1c45b8/files/393354c2a050e3ad6d5d1a3b29189bde95261660b59ab966cc6ea38441184fcb 200
[debug] [2025-07-24T10:08:02.794Z] <<< [apiv2][body] POST https://upload-firebasehosting.googleapis.com/upload/sites/mafia-bot-5047d/versions/ed3697743f1c45b8/files/393354c2a050e3ad6d5d1a3b29189bde95261660b59ab966cc6ea38441184fcb [stream]
[debug] [2025-07-24T10:08:02.842Z] <<< [apiv2][status] POST https://upload-firebasehosting.googleapis.com/upload/sites/mafia-bot-5047d/versions/ed3697743f1c45b8/files/9bb0a28998801205f45e1e5edcf24bd10629716a5bde7d0e6961ee597f80ec24 200
[debug] [2025-07-24T10:08:02.842Z] <<< [apiv2][body] POST https://upload-firebasehosting.googleapis.com/upload/sites/mafia-bot-5047d/versions/ed3697743f1c45b8/files/9bb0a28998801205f45e1e5edcf24bd10629716a5bde7d0e6961ee597f80ec24 [stream]
[debug] [2025-07-24T10:08:02.856Z] <<< [apiv2][status] POST https://upload-firebasehosting.googleapis.com/upload/sites/mafia-bot-5047d/versions/ed3697743f1c45b8/files/fc6c9642f4a367257fc169ac69eba561c264f7e4dc6d292c868e6dc38bfad4b5 200
[debug] [2025-07-24T10:08:02.856Z] <<< [apiv2][body] POST https://upload-firebasehosting.googleapis.com/upload/sites/mafia-bot-5047d/versions/ed3697743f1c45b8/files/fc6c9642f4a367257fc169ac69eba561c264f7e4dc6d292c868e6dc38bfad4b5 [stream]
[debug] [2025-07-24T10:08:02.897Z] <<< [apiv2][status] POST https://upload-firebasehosting.googleapis.com/upload/sites/mafia-bot-5047d/versions/ed3697743f1c45b8/files/42431639f09d3bbbe72ab7d0ad6d9869c782ace1337d6353577f7777f6353dcc 200
[debug] [2025-07-24T10:08:02.897Z] <<< [apiv2][body] POST https://upload-firebasehosting.googleapis.com/upload/sites/mafia-bot-5047d/versions/ed3697743f1c45b8/files/42431639f09d3bbbe72ab7d0ad6d9869c782ace1337d6353577f7777f6353dcc [stream]
[debug] [2025-07-24T10:08:02.907Z] <<< [apiv2][status] POST https://upload-firebasehosting.googleapis.com/upload/sites/mafia-bot-5047d/versions/ed3697743f1c45b8/files/fb8699c6f5690c5181c56a0533d4a3e25cd32c1c6cdc2a329b1d21a964145c97 200
[debug] [2025-07-24T10:08:02.907Z] <<< [apiv2][body] POST https://upload-firebasehosting.googleapis.com/upload/sites/mafia-bot-5047d/versions/ed3697743f1c45b8/files/fb8699c6f5690c5181c56a0533d4a3e25cd32c1c6cdc2a329b1d21a964145c97 [stream]
[debug] [2025-07-24T10:08:02.925Z] <<< [apiv2][status] POST https://upload-firebasehosting.googleapis.com/upload/sites/mafia-bot-5047d/versions/ed3697743f1c45b8/files/01b8ba10b1ac1f9471da254d10fdd5c078701dc3fd85835402c79d74859c5b0d 200
[debug] [2025-07-24T10:08:02.926Z] <<< [apiv2][body] POST https://upload-firebasehosting.googleapis.com/upload/sites/mafia-bot-5047d/versions/ed3697743f1c45b8/files/01b8ba10b1ac1f9471da254d10fdd5c078701dc3fd85835402c79d74859c5b0d [stream]
[debug] [2025-07-24T10:08:02.927Z] <<< [apiv2][status] POST https://upload-firebasehosting.googleapis.com/upload/sites/mafia-bot-5047d/versions/ed3697743f1c45b8/files/b743820d0e1cb8a560debbbadb84e0a29628164dd6caefebcbe5b4e39ab096b5 200
[debug] [2025-07-24T10:08:02.927Z] <<< [apiv2][body] POST https://upload-firebasehosting.googleapis.com/upload/sites/mafia-bot-5047d/versions/ed3697743f1c45b8/files/b743820d0e1cb8a560debbbadb84e0a29628164dd6caefebcbe5b4e39ab096b5 [stream]
[debug] [2025-07-24T10:08:02.927Z] [hosting][upload queue][FINAL] {"max":872,"min":611,"avg":725.2222222222222,"active":0,"complete":18,"success":18,"errored":0,"retried":0,"total":18,"elapsed":875}
[info] ✔  hosting[mafia-bot-5047d]: file upload complete 
[debug] [2025-07-24T10:08:02.931Z] [hosting] deploy completed after 1621ms
[info] i  functions: updating Node.js 18 (2nd Gen) function ssrServer(us-west2)... 
[debug] [2025-07-24T10:08:02.941Z] >>> [apiv2][query] PATCH https://cloudfunctions.googleapis.com/v2/projects/mafia-bot-5047d/locations/us-west2/functions/ssrServer updateMask=name%2CbuildConfig.runtime%2CbuildConfig.entryPoint%2CbuildConfig.source.storageSource.bucket%2CbuildConfig.source.storageSource.object%2CbuildConfig.environmentVariables%2CserviceConfig.environmentVariables%2CserviceConfig.ingressSettings%2CserviceConfig.timeoutSeconds%2CserviceConfig.serviceAccountEmail%2CserviceConfig.availableMemory%2CserviceConfig.minInstanceCount%2CserviceConfig.maxInstanceCount%2CserviceConfig.maxInstanceRequestConcurrency%2CserviceConfig.availableCpu%2CserviceConfig.vpcConnector%2CserviceConfig.vpcConnectorEgressSettings%2Clabels%2CbuildConfig.buildEnvironmentVariables
[debug] [2025-07-24T10:08:02.942Z] >>> [apiv2][body] PATCH https://cloudfunctions.googleapis.com/v2/projects/mafia-bot-5047d/locations/us-west2/functions/ssrServer {"name":"projects/mafia-bot-5047d/locations/us-west2/functions/ssrServer","buildConfig":{"runtime":"nodejs18","entryPoint":"ssrServer","source":{"storageSource":{"bucket":"gcf-v2-uploads-832914520297.us-west2.cloudfunctions.appspot.com","object":"c86e2ddf-1ae3-4c42-8c9c-86085567a632.zip"}},"environmentVariables":{"GOOGLE_NODE_RUN_SCRIPTS":""}},"serviceConfig":{"environmentVariables":{"FIREBASE_CONFIG":"{\"projectId\":\"mafia-bot-5047d\",\"storageBucket\":\"mafia-bot-5047d.firebasestorage.app\"}","GCLOUD_PROJECT":"mafia-bot-5047d","EVENTARC_CLOUD_EVENT_SOURCE":"projects/mafia-bot-5047d/locations/us-west2/services/ssrServer","FUNCTION_TARGET":"ssrServer","LOG_EXECUTION_ID":"true"},"ingressSettings":null,"timeoutSeconds":null,"serviceAccountEmail":null,"availableMemory":"1024Mi","minInstanceCount":null,"maxInstanceCount":null,"maxInstanceRequestConcurrency":8,"availableCpu":"1","vpcConnector":null,"vpcConnectorEgressSettings":null},"labels":{"deployment-tool":"cli-firebase","firebase-functions-hash":"bb67adf38dabe03dceb1f81db9f76127b81c35a4"}}
[debug] [2025-07-24T10:08:04.093Z] <<< [apiv2][status] PATCH https://cloudfunctions.googleapis.com/v2/projects/mafia-bot-5047d/locations/us-west2/functions/ssrServer 200
[debug] [2025-07-24T10:08:04.093Z] <<< [apiv2][body] PATCH https://cloudfunctions.googleapis.com/v2/projects/mafia-bot-5047d/locations/us-west2/functions/ssrServer {"name":"projects/mafia-bot-5047d/locations/us-west2/operations/operation-1753351683132-63aaa003d4acc-ae680a5f-c142bc70","metadata":{"@type":"type.googleapis.com/google.cloud.functions.v2.OperationMetadata","createTime":"2025-07-24T10:08:04.010654384Z","target":"projects/mafia-bot-5047d/locations/us-west2/functions/ssrServer","verb":"update","cancelRequested":false,"apiVersion":"v2"},"done":false}
[debug] [2025-07-24T10:08:04.095Z] >>> [apiv2][query] GET https://cloudfunctions.googleapis.com/v2/projects/mafia-bot-5047d/locations/us-west2/operations/operation-1753351683132-63aaa003d4acc-ae680a5f-c142bc70 [none]
[debug] [2025-07-24T10:08:04.263Z] <<< [apiv2][status] GET https://cloudfunctions.googleapis.com/v2/projects/mafia-bot-5047d/locations/us-west2/operations/operation-1753351683132-63aaa003d4acc-ae680a5f-c142bc70 200
[debug] [2025-07-24T10:08:04.263Z] <<< [apiv2][body] GET https://cloudfunctions.googleapis.com/v2/projects/mafia-bot-5047d/locations/us-west2/operations/operation-1753351683132-63aaa003d4acc-ae680a5f-c142bc70 {"name":"projects/mafia-bot-5047d/locations/us-west2/operations/operation-1753351683132-63aaa003d4acc-ae680a5f-c142bc70","metadata":{"@type":"type.googleapis.com/google.cloud.functions.v2.OperationMetadata","createTime":"2025-07-24T10:08:04.010654384Z","target":"projects/mafia-bot-5047d/locations/us-west2/functions/ssrServer","verb":"update","cancelRequested":false,"apiVersion":"v2","requestResource":{"@type":"type.googleapis.com/google.cloud.functions.v2.Function","name":"projects/mafia-bot-5047d/locations/us-west2/functions/ssrServer","buildConfig":{"runtime":"nodejs18","entryPoint":"ssrServer","source":{"storageSource":{"bucket":"gcf-v2-sources-832914520297-us-west2","object":"ssrServer/function-source.zip","generation":"1753351683965887"}},"environmentVariables":{"GOOGLE_NODE_RUN_SCRIPTS":""},"dockerRepository":"projects/mafia-bot-5047d/locations/us-west2/repositories/gcf-artifacts","sourceProvenance":{"resolvedStorageSource":{"bucket":"gcf-v2-sources-832914520297-us-west2","object":"ssrServer/function-source.zip","generation":"1753348259110295"}},"dockerRegistry":"ARTIFACT_REGISTRY","automaticUpdatePolicy":{}},"serviceConfig":{"service":"projects/mafia-bot-5047d/locations/us-west2/services/ssrserver","timeoutSeconds":60,"environmentVariables":{"FIREBASE_CONFIG":"{\"projectId\":\"mafia-bot-5047d\",\"storageBucket\":\"mafia-bot-5047d.firebasestorage.app\"}","GCLOUD_PROJECT":"mafia-bot-5047d","EVENTARC_CLOUD_EVENT_SOURCE":"projects/mafia-bot-5047d/locations/us-west2/services/ssrServer","FUNCTION_TARGET":"ssrServer","LOG_EXECUTION_ID":"true"},"ingressSettings":"ALLOW_ALL","uri":"https://ssrserver-fu2qlu3sca-wl.a.run.app","serviceAccountEmail":"832914520297-compute@developer.gserviceaccount.com","availableMemory":"1024Mi","allTrafficOnLatestRevision":true,"revision":"ssrserver-00014-lis","maxInstanceRequestConcurrency":8,"availableCpu":"1"},"state":"ACTIVE","labels":{"deployment-tool":"cli-firebase","firebase-functions-hash":"bb67adf38dabe03dceb1f81db9f76127b81c35a4"},"environment":"GEN_2","url":"https://us-west2-mafia-bot-5047d.cloudfunctions.net/ssrServer","satisfiesPzi":true},"stages":[{"name":"BUILD","state":"NOT_STARTED","stateMessages":[{"severity":"WARNING","type":"BuildAnalysisWarning","message":"Node.js 18 is no longer supported by the Node.js community as of 30 April, 2025. Runtime nodejs18 is currently deprecated for Cloud Functions. We recommend you to upgrade to the latest version of Node.js as soon as possible."}]},{"name":"SERVICE","state":"NOT_STARTED"}],"operationType":"UPDATE_FUNCTION"},"done":false}
[debug] [2025-07-24T10:08:04.768Z] [update-default-us-west2-ssrServer] Retrying task index 0
[debug] [2025-07-24T10:08:04.771Z] >>> [apiv2][query] GET https://cloudfunctions.googleapis.com/v2/projects/mafia-bot-5047d/locations/us-west2/operations/operation-1753351683132-63aaa003d4acc-ae680a5f-c142bc70 [none]
[debug] [2025-07-24T10:08:04.919Z] <<< [apiv2][status] GET https://cloudfunctions.googleapis.com/v2/projects/mafia-bot-5047d/locations/us-west2/operations/operation-1753351683132-63aaa003d4acc-ae680a5f-c142bc70 200
[debug] [2025-07-24T10:08:04.919Z] <<< [apiv2][body] GET https://cloudfunctions.googleapis.com/v2/projects/mafia-bot-5047d/locations/us-west2/operations/operation-1753351683132-63aaa003d4acc-ae680a5f-c142bc70 {"name":"projects/mafia-bot-5047d/locations/us-west2/operations/operation-1753351683132-63aaa003d4acc-ae680a5f-c142bc70","metadata":{"@type":"type.googleapis.com/google.cloud.functions.v2.OperationMetadata","createTime":"2025-07-24T10:08:04.010654384Z","target":"projects/mafia-bot-5047d/locations/us-west2/functions/ssrServer","verb":"update","cancelRequested":false,"apiVersion":"v2","requestResource":{"@type":"type.googleapis.com/google.cloud.functions.v2.Function","name":"projects/mafia-bot-5047d/locations/us-west2/functions/ssrServer","buildConfig":{"runtime":"nodejs18","entryPoint":"ssrServer","source":{"storageSource":{"bucket":"gcf-v2-sources-832914520297-us-west2","object":"ssrServer/function-source.zip","generation":"1753351683965887"}},"environmentVariables":{"GOOGLE_NODE_RUN_SCRIPTS":""},"dockerRepository":"projects/mafia-bot-5047d/locations/us-west2/repositories/gcf-artifacts","sourceProvenance":{"resolvedStorageSource":{"bucket":"gcf-v2-sources-832914520297-us-west2","object":"ssrServer/function-source.zip","generation":"1753348259110295"}},"dockerRegistry":"ARTIFACT_REGISTRY","automaticUpdatePolicy":{}},"serviceConfig":{"service":"projects/mafia-bot-5047d/locations/us-west2/services/ssrserver","timeoutSeconds":60,"environmentVariables":{"FIREBASE_CONFIG":"{\"projectId\":\"mafia-bot-5047d\",\"storageBucket\":\"mafia-bot-5047d.firebasestorage.app\"}","GCLOUD_PROJECT":"mafia-bot-5047d","EVENTARC_CLOUD_EVENT_SOURCE":"projects/mafia-bot-5047d/locations/us-west2/services/ssrServer","FUNCTION_TARGET":"ssrServer","LOG_EXECUTION_ID":"true"},"ingressSettings":"ALLOW_ALL","uri":"https://ssrserver-fu2qlu3sca-wl.a.run.app","serviceAccountEmail":"832914520297-compute@developer.gserviceaccount.com","availableMemory":"1024Mi","allTrafficOnLatestRevision":true,"revision":"ssrserver-00014-lis","maxInstanceRequestConcurrency":8,"availableCpu":"1"},"state":"ACTIVE","labels":{"deployment-tool":"cli-firebase","firebase-functions-hash":"bb67adf38dabe03dceb1f81db9f76127b81c35a4"},"environment":"GEN_2","url":"https://us-west2-mafia-bot-5047d.cloudfunctions.net/ssrServer","satisfiesPzi":true},"stages":[{"name":"BUILD","message":"Build in progress","state":"IN_PROGRESS","resource":"projects/832914520297/locations/us-west2/builds/2f9163fa-59f5-4605-887e-8a4162c3f4fc","resourceUri":"https://console.cloud.google.com/cloud-build/builds;region=us-west2/2f9163fa-59f5-4605-887e-8a4162c3f4fc?project=832914520297"},{"name":"SERVICE","state":"NOT_STARTED"}],"operationType":"UPDATE_FUNCTION","buildName":"projects/832914520297/locations/us-west2/builds/2f9163fa-59f5-4605-887e-8a4162c3f4fc"},"done":false}
[debug] [2025-07-24T10:08:05.921Z] [update-default-us-west2-ssrServer] Retrying task index 0
[debug] [2025-07-24T10:08:05.921Z] >>> [apiv2][query] GET https://cloudfunctions.googleapis.com/v2/projects/mafia-bot-5047d/locations/us-west2/operations/operation-1753351683132-63aaa003d4acc-ae680a5f-c142bc70 [none]
[debug] [2025-07-24T10:08:06.030Z] <<< [apiv2][status] GET https://cloudfunctions.googleapis.com/v2/projects/mafia-bot-5047d/locations/us-west2/operations/operation-1753351683132-63aaa003d4acc-ae680a5f-c142bc70 200
[debug] [2025-07-24T10:08:06.030Z] <<< [apiv2][body] GET https://cloudfunctions.googleapis.com/v2/projects/mafia-bot-5047d/locations/us-west2/operations/operation-1753351683132-63aaa003d4acc-ae680a5f-c142bc70 {"name":"projects/mafia-bot-5047d/locations/us-west2/operations/operation-1753351683132-63aaa003d4acc-ae680a5f-c142bc70","metadata":{"@type":"type.googleapis.com/google.cloud.functions.v2.OperationMetadata","createTime":"2025-07-24T10:08:04.010654384Z","target":"projects/mafia-bot-5047d/locations/us-west2/functions/ssrServer","verb":"update","cancelRequested":false,"apiVersion":"v2","requestResource":{"@type":"type.googleapis.com/google.cloud.functions.v2.Function","name":"projects/mafia-bot-5047d/locations/us-west2/functions/ssrServer","buildConfig":{"runtime":"nodejs18","entryPoint":"ssrServer","source":{"storageSource":{"bucket":"gcf-v2-sources-832914520297-us-west2","object":"ssrServer/function-source.zip","generation":"1753351683965887"}},"environmentVariables":{"GOOGLE_NODE_RUN_SCRIPTS":""},"dockerRepository":"projects/mafia-bot-5047d/locations/us-west2/repositories/gcf-artifacts","sourceProvenance":{"resolvedStorageSource":{"bucket":"gcf-v2-sources-832914520297-us-west2","object":"ssrServer/function-source.zip","generation":"1753348259110295"}},"dockerRegistry":"ARTIFACT_REGISTRY","automaticUpdatePolicy":{}},"serviceConfig":{"service":"projects/mafia-bot-5047d/locations/us-west2/services/ssrserver","timeoutSeconds":60,"environmentVariables":{"FIREBASE_CONFIG":"{\"projectId\":\"mafia-bot-5047d\",\"storageBucket\":\"mafia-bot-5047d.firebasestorage.app\"}","GCLOUD_PROJECT":"mafia-bot-5047d","EVENTARC_CLOUD_EVENT_SOURCE":"projects/mafia-bot-5047d/locations/us-west2/services/ssrServer","FUNCTION_TARGET":"ssrServer","LOG_EXECUTION_ID":"true"},"ingressSettings":"ALLOW_ALL","uri":"https://ssrserver-fu2qlu3sca-wl.a.run.app","serviceAccountEmail":"832914520297-compute@developer.gserviceaccount.com","availableMemory":"1024Mi","allTrafficOnLatestRevision":true,"revision":"ssrserver-00014-lis","maxInstanceRequestConcurrency":8,"availableCpu":"1"},"state":"ACTIVE","labels":{"deployment-tool":"cli-firebase","firebase-functions-hash":"bb67adf38dabe03dceb1f81db9f76127b81c35a4"},"environment":"GEN_2","url":"https://us-west2-mafia-bot-5047d.cloudfunctions.net/ssrServer","satisfiesPzi":true},"stages":[{"name":"BUILD","message":"Build in progress","state":"IN_PROGRESS","resource":"projects/832914520297/locations/us-west2/builds/2f9163fa-59f5-4605-887e-8a4162c3f4fc","resourceUri":"https://console.cloud.google.com/cloud-build/builds;region=us-west2/2f9163fa-59f5-4605-887e-8a4162c3f4fc?project=832914520297"},{"name":"SERVICE","state":"NOT_STARTED"}],"operationType":"UPDATE_FUNCTION","buildName":"projects/832914520297/locations/us-west2/builds/2f9163fa-59f5-4605-887e-8a4162c3f4fc"},"done":false}
[debug] [2025-07-24T10:08:08.032Z] [update-default-us-west2-ssrServer] Retrying task index 0
[debug] [2025-07-24T10:08:08.034Z] >>> [apiv2][query] GET https://cloudfunctions.googleapis.com/v2/projects/mafia-bot-5047d/locations/us-west2/operations/operation-1753351683132-63aaa003d4acc-ae680a5f-c142bc70 [none]
[debug] [2025-07-24T10:08:08.201Z] <<< [apiv2][status] GET https://cloudfunctions.googleapis.com/v2/projects/mafia-bot-5047d/locations/us-west2/operations/operation-1753351683132-63aaa003d4acc-ae680a5f-c142bc70 200
[debug] [2025-07-24T10:08:08.202Z] <<< [apiv2][body] GET https://cloudfunctions.googleapis.com/v2/projects/mafia-bot-5047d/locations/us-west2/operations/operation-1753351683132-63aaa003d4acc-ae680a5f-c142bc70 {"name":"projects/mafia-bot-5047d/locations/us-west2/operations/operation-1753351683132-63aaa003d4acc-ae680a5f-c142bc70","metadata":{"@type":"type.googleapis.com/google.cloud.functions.v2.OperationMetadata","createTime":"2025-07-24T10:08:04.010654384Z","target":"projects/mafia-bot-5047d/locations/us-west2/functions/ssrServer","verb":"update","cancelRequested":false,"apiVersion":"v2","requestResource":{"@type":"type.googleapis.com/google.cloud.functions.v2.Function","name":"projects/mafia-bot-5047d/locations/us-west2/functions/ssrServer","buildConfig":{"runtime":"nodejs18","entryPoint":"ssrServer","source":{"storageSource":{"bucket":"gcf-v2-sources-832914520297-us-west2","object":"ssrServer/function-source.zip","generation":"1753351683965887"}},"environmentVariables":{"GOOGLE_NODE_RUN_SCRIPTS":""},"dockerRepository":"projects/mafia-bot-5047d/locations/us-west2/repositories/gcf-artifacts","sourceProvenance":{"resolvedStorageSource":{"bucket":"gcf-v2-sources-832914520297-us-west2","object":"ssrServer/function-source.zip","generation":"1753348259110295"}},"dockerRegistry":"ARTIFACT_REGISTRY","automaticUpdatePolicy":{}},"serviceConfig":{"service":"projects/mafia-bot-5047d/locations/us-west2/services/ssrserver","timeoutSeconds":60,"environmentVariables":{"FIREBASE_CONFIG":"{\"projectId\":\"mafia-bot-5047d\",\"storageBucket\":\"mafia-bot-5047d.firebasestorage.app\"}","GCLOUD_PROJECT":"mafia-bot-5047d","EVENTARC_CLOUD_EVENT_SOURCE":"projects/mafia-bot-5047d/locations/us-west2/services/ssrServer","FUNCTION_TARGET":"ssrServer","LOG_EXECUTION_ID":"true"},"ingressSettings":"ALLOW_ALL","uri":"https://ssrserver-fu2qlu3sca-wl.a.run.app","serviceAccountEmail":"832914520297-compute@developer.gserviceaccount.com","availableMemory":"1024Mi","allTrafficOnLatestRevision":true,"revision":"ssrserver-00014-lis","maxInstanceRequestConcurrency":8,"availableCpu":"1"},"state":"ACTIVE","labels":{"deployment-tool":"cli-firebase","firebase-functions-hash":"bb67adf38dabe03dceb1f81db9f76127b81c35a4"},"environment":"GEN_2","url":"https://us-west2-mafia-bot-5047d.cloudfunctions.net/ssrServer","satisfiesPzi":true},"stages":[{"name":"BUILD","message":"Build in progress","state":"IN_PROGRESS","resource":"projects/832914520297/locations/us-west2/builds/2f9163fa-59f5-4605-887e-8a4162c3f4fc","resourceUri":"https://console.cloud.google.com/cloud-build/builds;region=us-west2/2f9163fa-59f5-4605-887e-8a4162c3f4fc?project=832914520297"},{"name":"SERVICE","state":"NOT_STARTED"}],"operationType":"UPDATE_FUNCTION","buildName":"projects/832914520297/locations/us-west2/builds/2f9163fa-59f5-4605-887e-8a4162c3f4fc"},"done":false}
[debug] [2025-07-24T10:08:12.202Z] [update-default-us-west2-ssrServer] Retrying task index 0
[debug] [2025-07-24T10:08:12.203Z] >>> [apiv2][query] GET https://cloudfunctions.googleapis.com/v2/projects/mafia-bot-5047d/locations/us-west2/operations/operation-1753351683132-63aaa003d4acc-ae680a5f-c142bc70 [none]
[debug] [2025-07-24T10:08:12.375Z] <<< [apiv2][status] GET https://cloudfunctions.googleapis.com/v2/projects/mafia-bot-5047d/locations/us-west2/operations/operation-1753351683132-63aaa003d4acc-ae680a5f-c142bc70 200
[debug] [2025-07-24T10:08:12.375Z] <<< [apiv2][body] GET https://cloudfunctions.googleapis.com/v2/projects/mafia-bot-5047d/locations/us-west2/operations/operation-1753351683132-63aaa003d4acc-ae680a5f-c142bc70 {"name":"projects/mafia-bot-5047d/locations/us-west2/operations/operation-1753351683132-63aaa003d4acc-ae680a5f-c142bc70","metadata":{"@type":"type.googleapis.com/google.cloud.functions.v2.OperationMetadata","createTime":"2025-07-24T10:08:04.010654384Z","target":"projects/mafia-bot-5047d/locations/us-west2/functions/ssrServer","verb":"update","cancelRequested":false,"apiVersion":"v2","requestResource":{"@type":"type.googleapis.com/google.cloud.functions.v2.Function","name":"projects/mafia-bot-5047d/locations/us-west2/functions/ssrServer","buildConfig":{"runtime":"nodejs18","entryPoint":"ssrServer","source":{"storageSource":{"bucket":"gcf-v2-sources-832914520297-us-west2","object":"ssrServer/function-source.zip","generation":"1753351683965887"}},"environmentVariables":{"GOOGLE_NODE_RUN_SCRIPTS":""},"dockerRepository":"projects/mafia-bot-5047d/locations/us-west2/repositories/gcf-artifacts","sourceProvenance":{"resolvedStorageSource":{"bucket":"gcf-v2-sources-832914520297-us-west2","object":"ssrServer/function-source.zip","generation":"1753348259110295"}},"dockerRegistry":"ARTIFACT_REGISTRY","automaticUpdatePolicy":{}},"serviceConfig":{"service":"projects/mafia-bot-5047d/locations/us-west2/services/ssrserver","timeoutSeconds":60,"environmentVariables":{"FIREBASE_CONFIG":"{\"projectId\":\"mafia-bot-5047d\",\"storageBucket\":\"mafia-bot-5047d.firebasestorage.app\"}","GCLOUD_PROJECT":"mafia-bot-5047d","EVENTARC_CLOUD_EVENT_SOURCE":"projects/mafia-bot-5047d/locations/us-west2/services/ssrServer","FUNCTION_TARGET":"ssrServer","LOG_EXECUTION_ID":"true"},"ingressSettings":"ALLOW_ALL","uri":"https://ssrserver-fu2qlu3sca-wl.a.run.app","serviceAccountEmail":"832914520297-compute@developer.gserviceaccount.com","availableMemory":"1024Mi","allTrafficOnLatestRevision":true,"revision":"ssrserver-00014-lis","maxInstanceRequestConcurrency":8,"availableCpu":"1"},"state":"ACTIVE","labels":{"deployment-tool":"cli-firebase","firebase-functions-hash":"bb67adf38dabe03dceb1f81db9f76127b81c35a4"},"environment":"GEN_2","url":"https://us-west2-mafia-bot-5047d.cloudfunctions.net/ssrServer","satisfiesPzi":true},"stages":[{"name":"BUILD","message":"Build in progress","state":"IN_PROGRESS","resource":"projects/832914520297/locations/us-west2/builds/2f9163fa-59f5-4605-887e-8a4162c3f4fc","resourceUri":"https://console.cloud.google.com/cloud-build/builds;region=us-west2/2f9163fa-59f5-4605-887e-8a4162c3f4fc?project=832914520297"},{"name":"SERVICE","state":"NOT_STARTED"}],"operationType":"UPDATE_FUNCTION","buildName":"projects/832914520297/locations/us-west2/builds/2f9163fa-59f5-4605-887e-8a4162c3f4fc"},"done":false}
[debug] [2025-07-24T10:08:20.378Z] [update-default-us-west2-ssrServer] Retrying task index 0
[debug] [2025-07-24T10:08:20.379Z] >>> [apiv2][query] GET https://cloudfunctions.googleapis.com/v2/projects/mafia-bot-5047d/locations/us-west2/operations/operation-1753351683132-63aaa003d4acc-ae680a5f-c142bc70 [none]
[debug] [2025-07-24T10:08:20.564Z] <<< [apiv2][status] GET https://cloudfunctions.googleapis.com/v2/projects/mafia-bot-5047d/locations/us-west2/operations/operation-1753351683132-63aaa003d4acc-ae680a5f-c142bc70 200
[debug] [2025-07-24T10:08:20.564Z] <<< [apiv2][body] GET https://cloudfunctions.googleapis.com/v2/projects/mafia-bot-5047d/locations/us-west2/operations/operation-1753351683132-63aaa003d4acc-ae680a5f-c142bc70 {"name":"projects/mafia-bot-5047d/locations/us-west2/operations/operation-1753351683132-63aaa003d4acc-ae680a5f-c142bc70","metadata":{"@type":"type.googleapis.com/google.cloud.functions.v2.OperationMetadata","createTime":"2025-07-24T10:08:04.010654384Z","target":"projects/mafia-bot-5047d/locations/us-west2/functions/ssrServer","verb":"update","cancelRequested":false,"apiVersion":"v2","requestResource":{"@type":"type.googleapis.com/google.cloud.functions.v2.Function","name":"projects/mafia-bot-5047d/locations/us-west2/functions/ssrServer","buildConfig":{"runtime":"nodejs18","entryPoint":"ssrServer","source":{"storageSource":{"bucket":"gcf-v2-sources-832914520297-us-west2","object":"ssrServer/function-source.zip","generation":"1753351683965887"}},"environmentVariables":{"GOOGLE_NODE_RUN_SCRIPTS":""},"dockerRepository":"projects/mafia-bot-5047d/locations/us-west2/repositories/gcf-artifacts","sourceProvenance":{"resolvedStorageSource":{"bucket":"gcf-v2-sources-832914520297-us-west2","object":"ssrServer/function-source.zip","generation":"1753348259110295"}},"dockerRegistry":"ARTIFACT_REGISTRY","automaticUpdatePolicy":{}},"serviceConfig":{"service":"projects/mafia-bot-5047d/locations/us-west2/services/ssrserver","timeoutSeconds":60,"environmentVariables":{"FIREBASE_CONFIG":"{\"projectId\":\"mafia-bot-5047d\",\"storageBucket\":\"mafia-bot-5047d.firebasestorage.app\"}","GCLOUD_PROJECT":"mafia-bot-5047d","EVENTARC_CLOUD_EVENT_SOURCE":"projects/mafia-bot-5047d/locations/us-west2/services/ssrServer","FUNCTION_TARGET":"ssrServer","LOG_EXECUTION_ID":"true"},"ingressSettings":"ALLOW_ALL","uri":"https://ssrserver-fu2qlu3sca-wl.a.run.app","serviceAccountEmail":"832914520297-compute@developer.gserviceaccount.com","availableMemory":"1024Mi","allTrafficOnLatestRevision":true,"revision":"ssrserver-00014-lis","maxInstanceRequestConcurrency":8,"availableCpu":"1"},"state":"ACTIVE","labels":{"deployment-tool":"cli-firebase","firebase-functions-hash":"bb67adf38dabe03dceb1f81db9f76127b81c35a4"},"environment":"GEN_2","url":"https://us-west2-mafia-bot-5047d.cloudfunctions.net/ssrServer","satisfiesPzi":true},"stages":[{"name":"BUILD","message":"Build in progress","state":"IN_PROGRESS","resource":"projects/832914520297/locations/us-west2/builds/2f9163fa-59f5-4605-887e-8a4162c3f4fc","resourceUri":"https://console.cloud.google.com/cloud-build/builds;region=us-west2/2f9163fa-59f5-4605-887e-8a4162c3f4fc?project=832914520297"},{"name":"SERVICE","state":"NOT_STARTED"}],"operationType":"UPDATE_FUNCTION","buildName":"projects/832914520297/locations/us-west2/builds/2f9163fa-59f5-4605-887e-8a4162c3f4fc"},"done":false}
[debug] [2025-07-24T10:08:30.566Z] [update-default-us-west2-ssrServer] Retrying task index 0
[debug] [2025-07-24T10:08:30.566Z] >>> [apiv2][query] GET https://cloudfunctions.googleapis.com/v2/projects/mafia-bot-5047d/locations/us-west2/operations/operation-1753351683132-63aaa003d4acc-ae680a5f-c142bc70 [none]
[debug] [2025-07-24T10:08:30.758Z] <<< [apiv2][status] GET https://cloudfunctions.googleapis.com/v2/projects/mafia-bot-5047d/locations/us-west2/operations/operation-1753351683132-63aaa003d4acc-ae680a5f-c142bc70 200
[debug] [2025-07-24T10:08:30.758Z] <<< [apiv2][body] GET https://cloudfunctions.googleapis.com/v2/projects/mafia-bot-5047d/locations/us-west2/operations/operation-1753351683132-63aaa003d4acc-ae680a5f-c142bc70 {"name":"projects/mafia-bot-5047d/locations/us-west2/operations/operation-1753351683132-63aaa003d4acc-ae680a5f-c142bc70","metadata":{"@type":"type.googleapis.com/google.cloud.functions.v2.OperationMetadata","createTime":"2025-07-24T10:08:04.010654384Z","target":"projects/mafia-bot-5047d/locations/us-west2/functions/ssrServer","verb":"update","cancelRequested":false,"apiVersion":"v2","requestResource":{"@type":"type.googleapis.com/google.cloud.functions.v2.Function","name":"projects/mafia-bot-5047d/locations/us-west2/functions/ssrServer","buildConfig":{"runtime":"nodejs18","entryPoint":"ssrServer","source":{"storageSource":{"bucket":"gcf-v2-sources-832914520297-us-west2","object":"ssrServer/function-source.zip","generation":"1753351683965887"}},"environmentVariables":{"GOOGLE_NODE_RUN_SCRIPTS":""},"dockerRepository":"projects/mafia-bot-5047d/locations/us-west2/repositories/gcf-artifacts","sourceProvenance":{"resolvedStorageSource":{"bucket":"gcf-v2-sources-832914520297-us-west2","object":"ssrServer/function-source.zip","generation":"1753348259110295"}},"dockerRegistry":"ARTIFACT_REGISTRY","automaticUpdatePolicy":{}},"serviceConfig":{"service":"projects/mafia-bot-5047d/locations/us-west2/services/ssrserver","timeoutSeconds":60,"environmentVariables":{"FIREBASE_CONFIG":"{\"projectId\":\"mafia-bot-5047d\",\"storageBucket\":\"mafia-bot-5047d.firebasestorage.app\"}","GCLOUD_PROJECT":"mafia-bot-5047d","EVENTARC_CLOUD_EVENT_SOURCE":"projects/mafia-bot-5047d/locations/us-west2/services/ssrServer","FUNCTION_TARGET":"ssrServer","LOG_EXECUTION_ID":"true"},"ingressSettings":"ALLOW_ALL","uri":"https://ssrserver-fu2qlu3sca-wl.a.run.app","serviceAccountEmail":"832914520297-compute@developer.gserviceaccount.com","availableMemory":"1024Mi","allTrafficOnLatestRevision":true,"revision":"ssrserver-00014-lis","maxInstanceRequestConcurrency":8,"availableCpu":"1"},"state":"ACTIVE","labels":{"deployment-tool":"cli-firebase","firebase-functions-hash":"bb67adf38dabe03dceb1f81db9f76127b81c35a4"},"environment":"GEN_2","url":"https://us-west2-mafia-bot-5047d.cloudfunctions.net/ssrServer","satisfiesPzi":true},"stages":[{"name":"BUILD","message":"Build in progress","state":"IN_PROGRESS","resource":"projects/832914520297/locations/us-west2/builds/2f9163fa-59f5-4605-887e-8a4162c3f4fc","resourceUri":"https://console.cloud.google.com/cloud-build/builds;region=us-west2/2f9163fa-59f5-4605-887e-8a4162c3f4fc?project=832914520297"},{"name":"SERVICE","state":"NOT_STARTED"}],"operationType":"UPDATE_FUNCTION","buildName":"projects/832914520297/locations/us-west2/builds/2f9163fa-59f5-4605-887e-8a4162c3f4fc"},"done":false}
[debug] [2025-07-24T10:08:40.758Z] [update-default-us-west2-ssrServer] Retrying task index 0
[debug] [2025-07-24T10:08:40.758Z] >>> [apiv2][query] GET https://cloudfunctions.googleapis.com/v2/projects/mafia-bot-5047d/locations/us-west2/operations/operation-1753351683132-63aaa003d4acc-ae680a5f-c142bc70 [none]
[debug] [2025-07-24T10:08:40.896Z] <<< [apiv2][status] GET https://cloudfunctions.googleapis.com/v2/projects/mafia-bot-5047d/locations/us-west2/operations/operation-1753351683132-63aaa003d4acc-ae680a5f-c142bc70 200
[debug] [2025-07-24T10:08:40.896Z] <<< [apiv2][body] GET https://cloudfunctions.googleapis.com/v2/projects/mafia-bot-5047d/locations/us-west2/operations/operation-1753351683132-63aaa003d4acc-ae680a5f-c142bc70 {"name":"projects/mafia-bot-5047d/locations/us-west2/operations/operation-1753351683132-63aaa003d4acc-ae680a5f-c142bc70","metadata":{"@type":"type.googleapis.com/google.cloud.functions.v2.OperationMetadata","createTime":"2025-07-24T10:08:04.010654384Z","target":"projects/mafia-bot-5047d/locations/us-west2/functions/ssrServer","verb":"update","cancelRequested":false,"apiVersion":"v2","requestResource":{"@type":"type.googleapis.com/google.cloud.functions.v2.Function","name":"projects/mafia-bot-5047d/locations/us-west2/functions/ssrServer","buildConfig":{"runtime":"nodejs18","entryPoint":"ssrServer","source":{"storageSource":{"bucket":"gcf-v2-sources-832914520297-us-west2","object":"ssrServer/function-source.zip","generation":"1753351683965887"}},"environmentVariables":{"GOOGLE_NODE_RUN_SCRIPTS":""},"dockerRepository":"projects/mafia-bot-5047d/locations/us-west2/repositories/gcf-artifacts","sourceProvenance":{"resolvedStorageSource":{"bucket":"gcf-v2-sources-832914520297-us-west2","object":"ssrServer/function-source.zip","generation":"1753348259110295"}},"dockerRegistry":"ARTIFACT_REGISTRY","automaticUpdatePolicy":{}},"serviceConfig":{"service":"projects/mafia-bot-5047d/locations/us-west2/services/ssrserver","timeoutSeconds":60,"environmentVariables":{"FIREBASE_CONFIG":"{\"projectId\":\"mafia-bot-5047d\",\"storageBucket\":\"mafia-bot-5047d.firebasestorage.app\"}","GCLOUD_PROJECT":"mafia-bot-5047d","EVENTARC_CLOUD_EVENT_SOURCE":"projects/mafia-bot-5047d/locations/us-west2/services/ssrServer","FUNCTION_TARGET":"ssrServer","LOG_EXECUTION_ID":"true"},"ingressSettings":"ALLOW_ALL","uri":"https://ssrserver-fu2qlu3sca-wl.a.run.app","serviceAccountEmail":"832914520297-compute@developer.gserviceaccount.com","availableMemory":"1024Mi","allTrafficOnLatestRevision":true,"revision":"ssrserver-00014-lis","maxInstanceRequestConcurrency":8,"availableCpu":"1"},"state":"ACTIVE","labels":{"deployment-tool":"cli-firebase","firebase-functions-hash":"bb67adf38dabe03dceb1f81db9f76127b81c35a4"},"environment":"GEN_2","url":"https://us-west2-mafia-bot-5047d.cloudfunctions.net/ssrServer","satisfiesPzi":true},"stages":[{"name":"BUILD","message":"Build in progress","state":"IN_PROGRESS","resource":"projects/832914520297/locations/us-west2/builds/2f9163fa-59f5-4605-887e-8a4162c3f4fc","resourceUri":"https://console.cloud.google.com/cloud-build/builds;region=us-west2/2f9163fa-59f5-4605-887e-8a4162c3f4fc?project=832914520297"},{"name":"SERVICE","state":"NOT_STARTED"}],"operationType":"UPDATE_FUNCTION","buildName":"projects/832914520297/locations/us-west2/builds/2f9163fa-59f5-4605-887e-8a4162c3f4fc"},"done":false}
[debug] [2025-07-24T10:08:50.898Z] [update-default-us-west2-ssrServer] Retrying task index 0
[debug] [2025-07-24T10:08:50.898Z] >>> [apiv2][query] GET https://cloudfunctions.googleapis.com/v2/projects/mafia-bot-5047d/locations/us-west2/operations/operation-1753351683132-63aaa003d4acc-ae680a5f-c142bc70 [none]
[debug] [2025-07-24T10:08:51.078Z] <<< [apiv2][status] GET https://cloudfunctions.googleapis.com/v2/projects/mafia-bot-5047d/locations/us-west2/operations/operation-1753351683132-63aaa003d4acc-ae680a5f-c142bc70 200
[debug] [2025-07-24T10:08:51.078Z] <<< [apiv2][body] GET https://cloudfunctions.googleapis.com/v2/projects/mafia-bot-5047d/locations/us-west2/operations/operation-1753351683132-63aaa003d4acc-ae680a5f-c142bc70 {"name":"projects/mafia-bot-5047d/locations/us-west2/operations/operation-1753351683132-63aaa003d4acc-ae680a5f-c142bc70","metadata":{"@type":"type.googleapis.com/google.cloud.functions.v2.OperationMetadata","createTime":"2025-07-24T10:08:04.010654384Z","target":"projects/mafia-bot-5047d/locations/us-west2/functions/ssrServer","verb":"update","cancelRequested":false,"apiVersion":"v2","requestResource":{"@type":"type.googleapis.com/google.cloud.functions.v2.Function","name":"projects/mafia-bot-5047d/locations/us-west2/functions/ssrServer","buildConfig":{"runtime":"nodejs18","entryPoint":"ssrServer","source":{"storageSource":{"bucket":"gcf-v2-sources-832914520297-us-west2","object":"ssrServer/function-source.zip","generation":"1753351683965887"}},"environmentVariables":{"GOOGLE_NODE_RUN_SCRIPTS":""},"dockerRepository":"projects/mafia-bot-5047d/locations/us-west2/repositories/gcf-artifacts","sourceProvenance":{"resolvedStorageSource":{"bucket":"gcf-v2-sources-832914520297-us-west2","object":"ssrServer/function-source.zip","generation":"1753348259110295"}},"dockerRegistry":"ARTIFACT_REGISTRY","automaticUpdatePolicy":{}},"serviceConfig":{"service":"projects/mafia-bot-5047d/locations/us-west2/services/ssrserver","timeoutSeconds":60,"environmentVariables":{"FIREBASE_CONFIG":"{\"projectId\":\"mafia-bot-5047d\",\"storageBucket\":\"mafia-bot-5047d.firebasestorage.app\"}","GCLOUD_PROJECT":"mafia-bot-5047d","EVENTARC_CLOUD_EVENT_SOURCE":"projects/mafia-bot-5047d/locations/us-west2/services/ssrServer","FUNCTION_TARGET":"ssrServer","LOG_EXECUTION_ID":"true"},"ingressSettings":"ALLOW_ALL","uri":"https://ssrserver-fu2qlu3sca-wl.a.run.app","serviceAccountEmail":"832914520297-compute@developer.gserviceaccount.com","availableMemory":"1024Mi","allTrafficOnLatestRevision":true,"revision":"ssrserver-00014-lis","maxInstanceRequestConcurrency":8,"availableCpu":"1"},"state":"ACTIVE","labels":{"deployment-tool":"cli-firebase","firebase-functions-hash":"bb67adf38dabe03dceb1f81db9f76127b81c35a4"},"environment":"GEN_2","url":"https://us-west2-mafia-bot-5047d.cloudfunctions.net/ssrServer","satisfiesPzi":true},"stages":[{"name":"BUILD","message":"Build finished","state":"COMPLETE","resource":"projects/832914520297/locations/us-west2/builds/2f9163fa-59f5-4605-887e-8a4162c3f4fc","resourceUri":"https://console.cloud.google.com/cloud-build/builds;region=us-west2/2f9163fa-59f5-4605-887e-8a4162c3f4fc?project=832914520297"},{"name":"SERVICE","message":"Updating Cloud Run service","state":"IN_PROGRESS","resource":"projects/mafia-bot-5047d/locations/us-west2/services/ssrserver","resourceUri":"https://console.cloud.google.com/run/detail/us-west2/ssrserver?project=mafia-bot-5047d","stateMessages":[{"severity":"INFO","type":"CloudRunServiceNewRevisionTrafficInfo","message":"A new revision will be deployed serving with 100% traffic."}]}],"sourceToken":"ClRwcm9qZWN0cy84MzI5MTQ1MjAyOTcvbG9jYXRpb25zL3VzLXdlc3QyL2J1aWxkcy8yZjkxNjNmYS01OWY1LTQ2MDUtODg3ZS04YTQxNjJjM2Y0ZmMSaHVzLXdlc3QyLWRvY2tlci5wa2cuZGV2L21hZmlhLWJvdC01MDQ3ZC9nY2YtYXJ0aWZhY3RzL21hZmlhLS1ib3QtLTUwNDdkX191cy0td2VzdDJfX3Nzcl9zZXJ2ZXI6dmVyc2lvbl8xGOnxy+yeGCI/cHJvamVjdHMvbWFmaWEtYm90LTUwNDdkL2xvY2F0aW9ucy91cy13ZXN0Mi9mdW5jdGlvbnMvc3NyU2VydmVyKgwIrIyIxAYQ4IiHkgEyCG5vZGVqczE4OnMKI2djci5pby9nYWUtcnVudGltZXMvbm9kZWpzMTg6c3RhYmxlEkx1cy13ZXN0Mi1kb2NrZXIucGtnLmRldi9zZXJ2ZXJsZXNzLXJ1bnRpbWVzL2dvb2dsZS0yMi1mdWxsL3J1bnRpbWVzL25vZGVqczE4QAE=","operationType":"UPDATE_FUNCTION","buildName":"projects/832914520297/locations/us-west2/builds/2f9163fa-59f5-4605-887e-8a4162c3f4fc"},"done":false}
[debug] [2025-07-24T10:08:51.078Z] Got source token ClRwcm9qZWN0cy84MzI5MTQ1MjAyOTcvbG9jYXRpb25zL3VzLXdlc3QyL2J1aWxkcy8yZjkxNjNmYS01OWY1LTQ2MDUtODg3ZS04YTQxNjJjM2Y0ZmMSaHVzLXdlc3QyLWRvY2tlci5wa2cuZGV2L21hZmlhLWJvdC01MDQ3ZC9nY2YtYXJ0aWZhY3RzL21hZmlhLS1ib3QtLTUwNDdkX191cy0td2VzdDJfX3Nzcl9zZXJ2ZXI6dmVyc2lvbl8xGOnxy+yeGCI/cHJvamVjdHMvbWFmaWEtYm90LTUwNDdkL2xvY2F0aW9ucy91cy13ZXN0Mi9mdW5jdGlvbnMvc3NyU2VydmVyKgwIrIyIxAYQ4IiHkgEyCG5vZGVqczE4OnMKI2djci5pby9nYWUtcnVudGltZXMvbm9kZWpzMTg6c3RhYmxlEkx1cy13ZXN0Mi1kb2NrZXIucGtnLmRldi9zZXJ2ZXJsZXNzLXJ1bnRpbWVzL2dvb2dsZS0yMi1mdWxsL3J1bnRpbWVzL25vZGVqczE4QAE= for region us-west2
